{"name": "test_sub_trending_videos_carousel", "status": "skipped", "statusDetails": {"message": "XFAIL\n\nselenium.common.exceptions.NoSuchElementException: Message: no such element: Unable to locate element: {\"method\":\"xpath\",\"selector\":\"//div[@class='section subject-section']/div[2]/div/div/div[3]\"}\n  (Session info: MicrosoftEdge=117.0.2045.35); For documentation on this error, please visit: https://www.selenium.dev/documentation/webdriver/troubleshooting/errors#no-such-element-exception\nStacktrace:\n0   msedgedriver                        0x0000000100d0fa10 msedgedriver + 4160016\n1   msedgedriver                        0x0000000100d07ad0 msedgedriver + 4127440\n2   msedgedriver                        0x0000000100951338 msedgedriver + 234296\n3   msedgedriver                        0x0000000100989310 msedgedriver + 463632\n4   msedgedriver                        0x00000001009b5650 msedgedriver + 644688\n5   msedgedriver                        0x0000000100980d04 msedgedriver + 429316\n6   msedgedriver                        0x0000000100981bb8 msedgedriver + 433080\n7   msedgedriver                        0x0000000100cde070 msedgedriver + 3956848\n8   msedgedriver                        0x0000000100ce16cc msedgedriver + 3970764\n9   msedgedriver                        0x0000000100ce11bc msedgedriver + 3969468\n10  msedgedriver                        0x0000000100ce6500 msedgedriver + 3990784\n11  msedgedriver                        0x0000000100ce1d7c msedgedriver + 3972476\n12  msedgedriver                        0x0000000100cc461c msedgedriver + 3851804\n13  msedgedriver                        0x0000000100cf947c msedgedriver + 4068476\n14  msedgedriver                        0x0000000100cf95a8 msedgedriver + 4068776\n15  msedgedriver                        0x0000000100d06d5c msedgedriver + 4123996\n16  libsystem_pthread.dylib             0x000000018b0fef94 _pthread_start + 136\n17  libsystem_pthread.dylib             0x000000018b0f9d34 thread_start + 8", "trace": "self = <Test.test_E2E.TestEmbibe object at 0x106f4c550>\n\n    @pytest.mark.usefixtures(\"setup\", \"log_on_failure\")\n    @pytest.mark.xfail\n    def test_sub_trending_videos_carousel(self):\n        log = self.getLogger()\n        self.test_sign_in_password()\n        learn = LearnHomePage(self.driver)\n>       learn.sub_trending_videos_carousels()\n\nTest/test_E2E.py:147: \n_ _ _ _ _ _ _ _ _ _ _ _ _ _ _ _ _ _ _ _ _ _ _ _ _ _ _ _ _ _ _ _ _ _ _ _ _ _ _ _ _ _ _ _ _ _ _ _ _ _ _ _ _ _ _ _ _ _ _ _ _ _ _ _ _ _ _ _ _ _ _ _ _ _ _ _ _ _ _ _ _ _ _ _\nPageObject/learn_home_page.py:460: in sub_trending_videos_carousels\n    self.driver.find_element(By.XPATH, \"//div[@class='section subject-section']/div[2]/div/div/div[\" + str(\n../../.venv/lib/python3.11/site-packages/selenium/webdriver/remote/webdriver.py:748: in find_element\n    return self.execute(Command.FIND_ELEMENT, {\"using\": by, \"value\": value})[\"value\"]\n../../.venv/lib/python3.11/site-packages/selenium/webdriver/remote/webdriver.py:354: in execute\n    self.error_handler.check_response(response)\n_ _ _ _ _ _ _ _ _ _ _ _ _ _ _ _ _ _ _ _ _ _ _ _ _ _ _ _ _ _ _ _ _ _ _ _ _ _ _ _ _ _ _ _ _ _ _ _ _ _ _ _ _ _ _ _ _ _ _ _ _ _ _ _ _ _ _ _ _ _ _ _ _ _ _ _ _ _ _ _ _ _ _ _\n\nself = <selenium.webdriver.remote.errorhandler.ErrorHandler object at 0x107265ed0>\nresponse = {'status': 404, 'value': '{\"value\":{\"error\":\"no such element\",\"message\":\"no such element: Unable to locate element: {\\...00018b0fef94 _pthread_start + 136\\\\n17  libsystem_pthread.dylib             0x000000018b0f9d34 thread_start + 8\\\\n\"}}'}\n\n    def check_response(self, response: Dict[str, Any]) -> None:\n        \"\"\"Checks that a JSON response from the WebDriver does not have an\n        error.\n    \n        :Args:\n         - response - The JSON response from the WebDriver server as a dictionary\n           object.\n    \n        :Raises: If the response contains an error message.\n        \"\"\"\n        status = response.get(\"status\", None)\n        if not status or status == ErrorCode.SUCCESS:\n            return\n        value = None\n        message = response.get(\"message\", \"\")\n        screen: str = response.get(\"screen\", \"\")\n        stacktrace = None\n        if isinstance(status, int):\n            value_json = response.get(\"value\", None)\n            if value_json and isinstance(value_json, str):\n                import json\n    \n                try:\n                    value = json.loads(value_json)\n                    if len(value) == 1:\n                        value = value[\"value\"]\n                    status = value.get(\"error\", None)\n                    if not status:\n                        status = value.get(\"status\", ErrorCode.UNKNOWN_ERROR)\n                        message = value.get(\"value\") or value.get(\"message\")\n                        if not isinstance(message, str):\n                            value = message\n                            message = message.get(\"message\")\n                    else:\n                        message = value.get(\"message\", None)\n                except ValueError:\n                    pass\n    \n        exception_class: Type[WebDriverException]\n        e = ErrorCode()\n        error_codes = [item for item in dir(e) if not item.startswith(\"__\")]\n        for error_code in error_codes:\n            error_info = getattr(ErrorCode, error_code)\n            if isinstance(error_info, list) and status in error_info:\n                exception_class = getattr(ExceptionMapping, error_code, WebDriverException)\n                break\n        else:\n            exception_class = WebDriverException\n    \n        if not value:\n            value = response[\"value\"]\n        if isinstance(value, str):\n            raise exception_class(value)\n        if message == \"\" and \"message\" in value:\n            message = value[\"message\"]\n    \n        screen = None  # type: ignore[assignment]\n        if \"screen\" in value:\n            screen = value[\"screen\"]\n    \n        stacktrace = None\n        st_value = value.get(\"stackTrace\") or value.get(\"stacktrace\")\n        if st_value:\n            if isinstance(st_value, str):\n                stacktrace = st_value.split(\"\\n\")\n            else:\n                stacktrace = []\n                try:\n                    for frame in st_value:\n                        line = frame.get(\"lineNumber\", \"\")\n                        file = frame.get(\"fileName\", \"<anonymous>\")\n                        if line:\n                            file = f\"{file}:{line}\"\n                        meth = frame.get(\"methodName\", \"<anonymous>\")\n                        if \"className\" in frame:\n                            meth = f\"{frame['className']}.{meth}\"\n                        msg = \"    at %s (%s)\"\n                        msg = msg % (meth, file)\n                        stacktrace.append(msg)\n                except TypeError:\n                    pass\n        if exception_class == UnexpectedAlertPresentException:\n            alert_text = None\n            if \"data\" in value:\n                alert_text = value[\"data\"].get(\"text\")\n            elif \"alert\" in value:\n                alert_text = value[\"alert\"].get(\"text\")\n            raise exception_class(message, screen, stacktrace, alert_text)  # type: ignore[call-arg]  # mypy is not smart enough here\n>       raise exception_class(message, screen, stacktrace)\nE       selenium.common.exceptions.NoSuchElementException: Message: no such element: Unable to locate element: {\"method\":\"xpath\",\"selector\":\"//div[@class='section subject-section']/div[2]/div/div/div[3]\"}\nE         (Session info: MicrosoftEdge=117.0.2045.35); For documentation on this error, please visit: https://www.selenium.dev/documentation/webdriver/troubleshooting/errors#no-such-element-exception\nE       Stacktrace:\nE       0   msedgedriver                        0x0000000100d0fa10 msedgedriver + 4160016\nE       1   msedgedriver                        0x0000000100d07ad0 msedgedriver + 4127440\nE       2   msedgedriver                        0x0000000100951338 msedgedriver + 234296\nE       3   msedgedriver                        0x0000000100989310 msedgedriver + 463632\nE       4   msedgedriver                        0x00000001009b5650 msedgedriver + 644688\nE       5   msedgedriver                        0x0000000100980d04 msedgedriver + 429316\nE       6   msedgedriver                        0x0000000100981bb8 msedgedriver + 433080\nE       7   msedgedriver                        0x0000000100cde070 msedgedriver + 3956848\nE       8   msedgedriver                        0x0000000100ce16cc msedgedriver + 3970764\nE       9   msedgedriver                        0x0000000100ce11bc msedgedriver + 3969468\nE       10  msedgedriver                        0x0000000100ce6500 msedgedriver + 3990784\nE       11  msedgedriver                        0x0000000100ce1d7c msedgedriver + 3972476\nE       12  msedgedriver                        0x0000000100cc461c msedgedriver + 3851804\nE       13  msedgedriver                        0x0000000100cf947c msedgedriver + 4068476\nE       14  msedgedriver                        0x0000000100cf95a8 msedgedriver + 4068776\nE       15  msedgedriver                        0x0000000100d06d5c msedgedriver + 4123996\nE       16  libsystem_pthread.dylib             0x000000018b0fef94 _pthread_start + 136\nE       17  libsystem_pthread.dylib             0x000000018b0f9d34 thread_start + 8\n\n../../.venv/lib/python3.11/site-packages/selenium/webdriver/remote/errorhandler.py:229: NoSuchElementException"}, "attachments": [{"name": "log", "source": "d38230f7-6055-4e97-aefe-7f36d741f77f-attachment.txt", "type": "text/plain"}, {"name": "stdout", "source": "3615be0b-0d16-4b17-a81b-3b6fea14c719-attachment.txt", "type": "text/plain"}], "start": 1747730403222, "stop": 1747730519068, "uuid": "ad97feae-f0c9-442a-895e-338933bcb127", "historyId": "2c7fb0327f3c0a25bd083111752c2503", "testCaseId": "2c7fb0327f3c0a25bd083111752c2503", "fullName": "Test.test_E2E.TestEmbibe#test_sub_trending_videos_carousel", "labels": [{"name": "tag", "value": "@pytest.mark.xfail"}, {"name": "tag", "value": "@pytest.mark.usefixtures('setup', 'log_on_failure')"}, {"name": "parentSuite", "value": "Test"}, {"name": "suite", "value": "test_E2E"}, {"name": "subSuite", "value": "TestEmbibe"}, {"name": "host", "value": "LM0010069"}, {"name": "thread", "value": "4572-MainThread"}, {"name": "framework", "value": "pytest"}, {"name": "language", "value": "cpython3"}, {"name": "package", "value": "Test.test_E2E"}]}