{"name": "test_sub_big_books_carousel", "status": "skipped", "statusDetails": {"message": "XFAIL\n\nselenium.common.exceptions.NoSuchElementException: Message: no such element: Unable to locate element: {\"method\":\"xpath\",\"selector\":\"//div[@class='action-bar-wrapper']/div/button\"}\n  (Session info: MicrosoftEdge=117.0.2045.35); For documentation on this error, please visit: https://www.selenium.dev/documentation/webdriver/troubleshooting/errors#no-such-element-exception\nStacktrace:\n0   msedgedriver                        0x0000000104ea3a10 msedgedriver + 4160016\n1   msedgedriver                        0x0000000104e9bad0 msedgedriver + 4127440\n2   msedgedriver                        0x0000000104ae5338 msedgedriver + 234296\n3   msedgedriver                        0x0000000104b1d310 msedgedriver + 463632\n4   msedgedriver                        0x0000000104b49650 msedgedriver + 644688\n5   msedgedriver                        0x0000000104b14d04 msedgedriver + 429316\n6   msedgedriver                        0x0000000104b15bb8 msedgedriver + 433080\n7   msedgedriver                        0x0000000104e72070 msedgedriver + 3956848\n8   msedgedriver                        0x0000000104e756cc msedgedriver + 3970764\n9   msedgedriver                        0x0000000104e751bc msedgedriver + 3969468\n10  msedgedriver                        0x0000000104e7a500 msedgedriver + 3990784\n11  msedgedriver                        0x0000000104e75d7c msedgedriver + 3972476\n12  msedgedriver                        0x0000000104e5861c msedgedriver + 3851804\n13  msedgedriver                        0x0000000104e8d47c msedgedriver + 4068476\n14  msedgedriver                        0x0000000104e8d5a8 msedgedriver + 4068776\n15  msedgedriver                        0x0000000104e9ad5c msedgedriver + 4123996\n16  libsystem_pthread.dylib             0x000000018b0fef94 _pthread_start + 136\n17  libsystem_pthread.dylib             0x000000018b0f9d34 thread_start + 8", "trace": "self = <PageObject.learn_home_page.LearnHomePage object at 0x107107d10>\n\n    def sub_embibe_big_books(self):\n        total_subject = self.driver.find_elements(*LearnHomePage.subject_buttons)\n        count = len(total_subject)\n        for i in range(2, count + 1):\n            self.driver.find_element(By.XPATH, \"//div[@class='section subject-section']/div[2]/div/div/div[\" + str(\n                i) + \"]\").click()\n            try:\n                self.driver.find_element(*LearnHomePage.embibe_big_book).is_displayed()\n                time.sleep(5)\n                # self.driver.find_element(*LearnHomePage.sub_embibe_explainers).click()\n                self.driver.find_element(*LearnHomePage.sub_embibe_big_book).click()\n                self.driver.find_element(*LearnHomePage.book_video_tile).click()\n                try:\n>                   popup = self.driver.find_element(By.XPATH, \"//*[text()='Continue from where you left?']\")\n\nPageObject/learn_home_page.py:618: \n_ _ _ _ _ _ _ _ _ _ _ _ _ _ _ _ _ _ _ _ _ _ _ _ _ _ _ _ _ _ _ _ _ _ _ _ _ _ _ _ _ _ _ _ _ _ _ _ _ _ _ _ _ _ _ _ _ _ _ _ _ _ _ _ _ _ _ _ _ _ _ _ _ _ _ _ _ _ _ _ _ _ _ _\n../../.venv/lib/python3.11/site-packages/selenium/webdriver/remote/webdriver.py:748: in find_element\n    return self.execute(Command.FIND_ELEMENT, {\"using\": by, \"value\": value})[\"value\"]\n../../.venv/lib/python3.11/site-packages/selenium/webdriver/remote/webdriver.py:354: in execute\n    self.error_handler.check_response(response)\n_ _ _ _ _ _ _ _ _ _ _ _ _ _ _ _ _ _ _ _ _ _ _ _ _ _ _ _ _ _ _ _ _ _ _ _ _ _ _ _ _ _ _ _ _ _ _ _ _ _ _ _ _ _ _ _ _ _ _ _ _ _ _ _ _ _ _ _ _ _ _ _ _ _ _ _ _ _ _ _ _ _ _ _\n\nself = <selenium.webdriver.remote.errorhandler.ErrorHandler object at 0x107106610>\nresponse = {'status': 404, 'value': '{\"value\":{\"error\":\"no such element\",\"message\":\"no such element: Unable to locate element: {\\...00018b0fef94 _pthread_start + 136\\\\n17  libsystem_pthread.dylib             0x000000018b0f9d34 thread_start + 8\\\\n\"}}'}\n\n    def check_response(self, response: Dict[str, Any]) -> None:\n        \"\"\"Checks that a JSON response from the WebDriver does not have an\n        error.\n    \n        :Args:\n         - response - The JSON response from the WebDriver server as a dictionary\n           object.\n    \n        :Raises: If the response contains an error message.\n        \"\"\"\n        status = response.get(\"status\", None)\n        if not status or status == ErrorCode.SUCCESS:\n            return\n        value = None\n        message = response.get(\"message\", \"\")\n        screen: str = response.get(\"screen\", \"\")\n        stacktrace = None\n        if isinstance(status, int):\n            value_json = response.get(\"value\", None)\n            if value_json and isinstance(value_json, str):\n                import json\n    \n                try:\n                    value = json.loads(value_json)\n                    if len(value) == 1:\n                        value = value[\"value\"]\n                    status = value.get(\"error\", None)\n                    if not status:\n                        status = value.get(\"status\", ErrorCode.UNKNOWN_ERROR)\n                        message = value.get(\"value\") or value.get(\"message\")\n                        if not isinstance(message, str):\n                            value = message\n                            message = message.get(\"message\")\n                    else:\n                        message = value.get(\"message\", None)\n                except ValueError:\n                    pass\n    \n        exception_class: Type[WebDriverException]\n        e = ErrorCode()\n        error_codes = [item for item in dir(e) if not item.startswith(\"__\")]\n        for error_code in error_codes:\n            error_info = getattr(ErrorCode, error_code)\n            if isinstance(error_info, list) and status in error_info:\n                exception_class = getattr(ExceptionMapping, error_code, WebDriverException)\n                break\n        else:\n            exception_class = WebDriverException\n    \n        if not value:\n            value = response[\"value\"]\n        if isinstance(value, str):\n            raise exception_class(value)\n        if message == \"\" and \"message\" in value:\n            message = value[\"message\"]\n    \n        screen = None  # type: ignore[assignment]\n        if \"screen\" in value:\n            screen = value[\"screen\"]\n    \n        stacktrace = None\n        st_value = value.get(\"stackTrace\") or value.get(\"stacktrace\")\n        if st_value:\n            if isinstance(st_value, str):\n                stacktrace = st_value.split(\"\\n\")\n            else:\n                stacktrace = []\n                try:\n                    for frame in st_value:\n                        line = frame.get(\"lineNumber\", \"\")\n                        file = frame.get(\"fileName\", \"<anonymous>\")\n                        if line:\n                            file = f\"{file}:{line}\"\n                        meth = frame.get(\"methodName\", \"<anonymous>\")\n                        if \"className\" in frame:\n                            meth = f\"{frame['className']}.{meth}\"\n                        msg = \"    at %s (%s)\"\n                        msg = msg % (meth, file)\n                        stacktrace.append(msg)\n                except TypeError:\n                    pass\n        if exception_class == UnexpectedAlertPresentException:\n            alert_text = None\n            if \"data\" in value:\n                alert_text = value[\"data\"].get(\"text\")\n            elif \"alert\" in value:\n                alert_text = value[\"alert\"].get(\"text\")\n            raise exception_class(message, screen, stacktrace, alert_text)  # type: ignore[call-arg]  # mypy is not smart enough here\n>       raise exception_class(message, screen, stacktrace)\nE       selenium.common.exceptions.NoSuchElementException: Message: no such element: Unable to locate element: {\"method\":\"xpath\",\"selector\":\"//*[text()='Continue from where you left?']\"}\nE         (Session info: MicrosoftEdge=117.0.2045.35); For documentation on this error, please visit: https://www.selenium.dev/documentation/webdriver/troubleshooting/errors#no-such-element-exception\nE       Stacktrace:\nE       0   msedgedriver                        0x0000000104ea3a10 msedgedriver + 4160016\nE       1   msedgedriver                        0x0000000104e9bad0 msedgedriver + 4127440\nE       2   msedgedriver                        0x0000000104ae5338 msedgedriver + 234296\nE       3   msedgedriver                        0x0000000104b1d310 msedgedriver + 463632\nE       4   msedgedriver                        0x0000000104b49650 msedgedriver + 644688\nE       5   msedgedriver                        0x0000000104b14d04 msedgedriver + 429316\nE       6   msedgedriver                        0x0000000104b15bb8 msedgedriver + 433080\nE       7   msedgedriver                        0x0000000104e72070 msedgedriver + 3956848\nE       8   msedgedriver                        0x0000000104e756cc msedgedriver + 3970764\nE       9   msedgedriver                        0x0000000104e751bc msedgedriver + 3969468\nE       10  msedgedriver                        0x0000000104e7a500 msedgedriver + 3990784\nE       11  msedgedriver                        0x0000000104e75d7c msedgedriver + 3972476\nE       12  msedgedriver                        0x0000000104e5861c msedgedriver + 3851804\nE       13  msedgedriver                        0x0000000104e8d47c msedgedriver + 4068476\nE       14  msedgedriver                        0x0000000104e8d5a8 msedgedriver + 4068776\nE       15  msedgedriver                        0x0000000104e9ad5c msedgedriver + 4123996\nE       16  libsystem_pthread.dylib             0x000000018b0fef94 _pthread_start + 136\nE       17  libsystem_pthread.dylib             0x000000018b0f9d34 thread_start + 8\n\n../../.venv/lib/python3.11/site-packages/selenium/webdriver/remote/errorhandler.py:229: NoSuchElementException\n\nDuring handling of the above exception, another exception occurred:\n\nself = <Test.test_E2E.TestEmbibe object at 0x106f4d310>\n\n    @pytest.mark.usefixtures(\"setup\", \"log_on_failure\")\n    @pytest.mark.learn\n    @pytest.mark.xfail\n    def test_sub_big_books_carousel(self):\n        log = self.getLogger()\n        self.test_sign_in_password()\n        learn = LearnHomePage(self.driver)\n>       learn.sub_embibe_big_books()\n\nTest/test_E2E.py:184: \n_ _ _ _ _ _ _ _ _ _ _ _ _ _ _ _ _ _ _ _ _ _ _ _ _ _ _ _ _ _ _ _ _ _ _ _ _ _ _ _ _ _ _ _ _ _ _ _ _ _ _ _ _ _ _ _ _ _ _ _ _ _ _ _ _ _ _ _ _ _ _ _ _ _ _ _ _ _ _ _ _ _ _ _\nPageObject/learn_home_page.py:628: in sub_embibe_big_books\n    self.driver.find_element(*LearnHomePage.learn_button).send_keys(keys.Keys.ESCAPE)\n../../.venv/lib/python3.11/site-packages/selenium/webdriver/remote/webdriver.py:748: in find_element\n    return self.execute(Command.FIND_ELEMENT, {\"using\": by, \"value\": value})[\"value\"]\n../../.venv/lib/python3.11/site-packages/selenium/webdriver/remote/webdriver.py:354: in execute\n    self.error_handler.check_response(response)\n_ _ _ _ _ _ _ _ _ _ _ _ _ _ _ _ _ _ _ _ _ _ _ _ _ _ _ _ _ _ _ _ _ _ _ _ _ _ _ _ _ _ _ _ _ _ _ _ _ _ _ _ _ _ _ _ _ _ _ _ _ _ _ _ _ _ _ _ _ _ _ _ _ _ _ _ _ _ _ _ _ _ _ _\n\nself = <selenium.webdriver.remote.errorhandler.ErrorHandler object at 0x107106610>\nresponse = {'status': 404, 'value': '{\"value\":{\"error\":\"no such element\",\"message\":\"no such element: Unable to locate element: {\\...00018b0fef94 _pthread_start + 136\\\\n17  libsystem_pthread.dylib             0x000000018b0f9d34 thread_start + 8\\\\n\"}}'}\n\n    def check_response(self, response: Dict[str, Any]) -> None:\n        \"\"\"Checks that a JSON response from the WebDriver does not have an\n        error.\n    \n        :Args:\n         - response - The JSON response from the WebDriver server as a dictionary\n           object.\n    \n        :Raises: If the response contains an error message.\n        \"\"\"\n        status = response.get(\"status\", None)\n        if not status or status == ErrorCode.SUCCESS:\n            return\n        value = None\n        message = response.get(\"message\", \"\")\n        screen: str = response.get(\"screen\", \"\")\n        stacktrace = None\n        if isinstance(status, int):\n            value_json = response.get(\"value\", None)\n            if value_json and isinstance(value_json, str):\n                import json\n    \n                try:\n                    value = json.loads(value_json)\n                    if len(value) == 1:\n                        value = value[\"value\"]\n                    status = value.get(\"error\", None)\n                    if not status:\n                        status = value.get(\"status\", ErrorCode.UNKNOWN_ERROR)\n                        message = value.get(\"value\") or value.get(\"message\")\n                        if not isinstance(message, str):\n                            value = message\n                            message = message.get(\"message\")\n                    else:\n                        message = value.get(\"message\", None)\n                except ValueError:\n                    pass\n    \n        exception_class: Type[WebDriverException]\n        e = ErrorCode()\n        error_codes = [item for item in dir(e) if not item.startswith(\"__\")]\n        for error_code in error_codes:\n            error_info = getattr(ErrorCode, error_code)\n            if isinstance(error_info, list) and status in error_info:\n                exception_class = getattr(ExceptionMapping, error_code, WebDriverException)\n                break\n        else:\n            exception_class = WebDriverException\n    \n        if not value:\n            value = response[\"value\"]\n        if isinstance(value, str):\n            raise exception_class(value)\n        if message == \"\" and \"message\" in value:\n            message = value[\"message\"]\n    \n        screen = None  # type: ignore[assignment]\n        if \"screen\" in value:\n            screen = value[\"screen\"]\n    \n        stacktrace = None\n        st_value = value.get(\"stackTrace\") or value.get(\"stacktrace\")\n        if st_value:\n            if isinstance(st_value, str):\n                stacktrace = st_value.split(\"\\n\")\n            else:\n                stacktrace = []\n                try:\n                    for frame in st_value:\n                        line = frame.get(\"lineNumber\", \"\")\n                        file = frame.get(\"fileName\", \"<anonymous>\")\n                        if line:\n                            file = f\"{file}:{line}\"\n                        meth = frame.get(\"methodName\", \"<anonymous>\")\n                        if \"className\" in frame:\n                            meth = f\"{frame['className']}.{meth}\"\n                        msg = \"    at %s (%s)\"\n                        msg = msg % (meth, file)\n                        stacktrace.append(msg)\n                except TypeError:\n                    pass\n        if exception_class == UnexpectedAlertPresentException:\n            alert_text = None\n            if \"data\" in value:\n                alert_text = value[\"data\"].get(\"text\")\n            elif \"alert\" in value:\n                alert_text = value[\"alert\"].get(\"text\")\n            raise exception_class(message, screen, stacktrace, alert_text)  # type: ignore[call-arg]  # mypy is not smart enough here\n>       raise exception_class(message, screen, stacktrace)\nE       selenium.common.exceptions.NoSuchElementException: Message: no such element: Unable to locate element: {\"method\":\"xpath\",\"selector\":\"//div[@class='action-bar-wrapper']/div/button\"}\nE         (Session info: MicrosoftEdge=117.0.2045.35); For documentation on this error, please visit: https://www.selenium.dev/documentation/webdriver/troubleshooting/errors#no-such-element-exception\nE       Stacktrace:\nE       0   msedgedriver                        0x0000000104ea3a10 msedgedriver + 4160016\nE       1   msedgedriver                        0x0000000104e9bad0 msedgedriver + 4127440\nE       2   msedgedriver                        0x0000000104ae5338 msedgedriver + 234296\nE       3   msedgedriver                        0x0000000104b1d310 msedgedriver + 463632\nE       4   msedgedriver                        0x0000000104b49650 msedgedriver + 644688\nE       5   msedgedriver                        0x0000000104b14d04 msedgedriver + 429316\nE       6   msedgedriver                        0x0000000104b15bb8 msedgedriver + 433080\nE       7   msedgedriver                        0x0000000104e72070 msedgedriver + 3956848\nE       8   msedgedriver                        0x0000000104e756cc msedgedriver + 3970764\nE       9   msedgedriver                        0x0000000104e751bc msedgedriver + 3969468\nE       10  msedgedriver                        0x0000000104e7a500 msedgedriver + 3990784\nE       11  msedgedriver                        0x0000000104e75d7c msedgedriver + 3972476\nE       12  msedgedriver                        0x0000000104e5861c msedgedriver + 3851804\nE       13  msedgedriver                        0x0000000104e8d47c msedgedriver + 4068476\nE       14  msedgedriver                        0x0000000104e8d5a8 msedgedriver + 4068776\nE       15  msedgedriver                        0x0000000104e9ad5c msedgedriver + 4123996\nE       16  libsystem_pthread.dylib             0x000000018b0fef94 _pthread_start + 136\nE       17  libsystem_pthread.dylib             0x000000018b0f9d34 thread_start + 8\n\n../../.venv/lib/python3.11/site-packages/selenium/webdriver/remote/errorhandler.py:229: NoSuchElementException"}, "attachments": [{"name": "log", "source": "c04be29a-8736-4524-bff7-bb8e64b713b0-attachment.txt", "type": "text/plain"}], "start": 1747730789290, "stop": 1747730849213, "uuid": "2301b38c-391c-4591-9b34-64935521570b", "historyId": "90a0b1247281133420affdc203d6a7f4", "testCaseId": "90a0b1247281133420affdc203d6a7f4", "fullName": "Test.test_E2E.TestEmbibe#test_sub_big_books_carousel", "labels": [{"name": "tag", "value": "@pytest.mark.xfail"}, {"name": "tag", "value": "learn"}, {"name": "tag", "value": "@pytest.mark.usefixtures('setup', 'log_on_failure')"}, {"name": "parentSuite", "value": "Test"}, {"name": "suite", "value": "test_E2E"}, {"name": "subSuite", "value": "TestEmbibe"}, {"name": "host", "value": "LM0010069"}, {"name": "thread", "value": "4572-MainThread"}, {"name": "framework", "value": "pytest"}, {"name": "language", "value": "cpython3"}, {"name": "package", "value": "Test.test_E2E"}]}