{"name": "test_click_lens_card_deeplink", "status": "broken", "statusDetails": {"message": "selenium.common.exceptions.TimeoutException: Message: \nStacktrace:\n0   chromedriver                        0x00000001011cc3bc cxxbridge1$str$ptr + 2829900\n1   chromedriver                        0x00000001011c4684 cxxbridge1$str$ptr + 2797844\n2   chromedriver                        0x0000000100d01fbc cxxbridge1$string$len + 90140\n3   chromedriver                        0x0000000100d491bc cxxbridge1$string$len + 381468\n4   chromedriver                        0x0000000100d8a044 cxxbridge1$string$len + 647332\n5   chromedriver                        0x0000000100d3d3f8 cxxbridge1$string$len + 332888\n6   chromedriver                        0x00000001011907e0 cxxbridge1$str$ptr + 2585200\n7   chromedriver                        0x0000000101193ab0 cxxbridge1$str$ptr + 2598208\n8   chromedriver                        0x0000000101171db4 cxxbridge1$str$ptr + 2459716\n9   chromedriver                        0x0000000101194328 cxxbridge1$str$ptr + 2600376\n10  chromedriver                        0x0000000101163640 cxxbridge1$str$ptr + 2400464\n11  chromedriver                        0x00000001011b428c cxxbridge1$str$ptr + 2731292\n12  chromedriver                        0x00000001011b4418 cxxbridge1$str$ptr + 2731688\n13  chromedriver                        0x00000001011c42d0 cxxbridge1$str$ptr + 2796896\n14  libsystem_pthread.dylib             0x00000001835e2f94 _pthread_start + 136\n15  libsystem_pthread.dylib             0x00000001835ddd34 thread_start + 8", "trace": "self = <Test.test_E2E.TestEmbibe object at 0x105474950>\n\n    @pytest.mark.usefixtures(\"setup\", \"log_on_failure\")\n    @pytest.mark.deeplink\n    def test_click_lens_card_deeplink(self):\n        log = self.getLogger()\n        self.test_sign_in_password()\n        monet = EmbibeMonetisation(self.driver)\n>       monet.click_lens_button()\n\nTest/test_E2E.py:559: \n_ _ _ _ _ _ _ _ _ _ _ _ _ _ _ _ _ _ _ _ _ _ _ _ _ _ _ _ _ _ _ _ _ _ _ _ _ _ _ _ _ _ _ _ _ _ _ _ _ _ _ _ _ _ _ _ _ _ _ _ _ _ _ _ _ _ _ _ _ _ _ _ _ _ _ _ _ _ _ _ _ _ _ _\nPageObject/monetisation.py:132: in click_lens_button\n    self.wait_for_visibility((By.XPATH, \"//*[contains(@src,'/EmbibeLens/embiLens.png')]\")).is_displayed()\nPageObject/monetisation.py:43: in wait_for_visibility\n    return self.wait.until(EC.visibility_of_element_located(locator))\n_ _ _ _ _ _ _ _ _ _ _ _ _ _ _ _ _ _ _ _ _ _ _ _ _ _ _ _ _ _ _ _ _ _ _ _ _ _ _ _ _ _ _ _ _ _ _ _ _ _ _ _ _ _ _ _ _ _ _ _ _ _ _ _ _ _ _ _ _ _ _ _ _ _ _ _ _ _ _ _ _ _ _ _\n\nself = <selenium.webdriver.support.wait.WebDriverWait (session=\"528efcf214914674c85c1e3d1605d6f3\")>\nmethod = <function visibility_of_element_located.<locals>._predicate at 0x10554ea20>, message = ''\n\n    def until(self, method: Callable[[D], Union[Literal[False], T]], message: str = \"\") -> T:\n        \"\"\"Calls the method provided with the driver as an argument until the \\\n        return value does not evaluate to ``False``.\n    \n        :param method: callable(WebDriver)\n        :param message: optional message for :exc:`TimeoutException`\n        :returns: the result of the last call to `method`\n        :raises: :exc:`selenium.common.exceptions.TimeoutException` if timeout occurs\n        \"\"\"\n        screen = None\n        stacktrace = None\n    \n        end_time = time.monotonic() + self._timeout\n        while True:\n            try:\n                value = method(self._driver)\n                if value:\n                    return value\n            except self._ignored_exceptions as exc:\n                screen = getattr(exc, \"screen\", None)\n                stacktrace = getattr(exc, \"stacktrace\", None)\n            time.sleep(self._poll)\n            if time.monotonic() > end_time:\n                break\n>       raise TimeoutException(message, screen, stacktrace)\nE       selenium.common.exceptions.TimeoutException: Message: \nE       Stacktrace:\nE       0   chromedriver                        0x00000001011cc3bc cxxbridge1$str$ptr + 2829900\nE       1   chromedriver                        0x00000001011c4684 cxxbridge1$str$ptr + 2797844\nE       2   chromedriver                        0x0000000100d01fbc cxxbridge1$string$len + 90140\nE       3   chromedriver                        0x0000000100d491bc cxxbridge1$string$len + 381468\nE       4   chromedriver                        0x0000000100d8a044 cxxbridge1$string$len + 647332\nE       5   chromedriver                        0x0000000100d3d3f8 cxxbridge1$string$len + 332888\nE       6   chromedriver                        0x00000001011907e0 cxxbridge1$str$ptr + 2585200\nE       7   chromedriver                        0x0000000101193ab0 cxxbridge1$str$ptr + 2598208\nE       8   chromedriver                        0x0000000101171db4 cxxbridge1$str$ptr + 2459716\nE       9   chromedriver                        0x0000000101194328 cxxbridge1$str$ptr + 2600376\nE       10  chromedriver                        0x0000000101163640 cxxbridge1$str$ptr + 2400464\nE       11  chromedriver                        0x00000001011b428c cxxbridge1$str$ptr + 2731292\nE       12  chromedriver                        0x00000001011b4418 cxxbridge1$str$ptr + 2731688\nE       13  chromedriver                        0x00000001011c42d0 cxxbridge1$str$ptr + 2796896\nE       14  libsystem_pthread.dylib             0x00000001835e2f94 _pthread_start + 136\nE       15  libsystem_pthread.dylib             0x00000001835ddd34 thread_start + 8\n\n../../.venv/lib/python3.11/site-packages/selenium/webdriver/support/wait.py:105: TimeoutException"}, "attachments": [{"name": "log", "source": "1a1b6427-d61f-4173-8cf0-c7bd4e22af82-attachment.txt", "type": "text/plain"}], "start": 1747118441547, "stop": 1747118470328, "uuid": "6a8afa2a-5a86-416f-a012-6952b73fbf6e", "historyId": "a83eda3a7867f879eb8551e0c44de6d2", "testCaseId": "a83eda3a7867f879eb8551e0c44de6d2", "fullName": "Test.test_E2E.TestEmbibe#test_click_lens_card_deeplink", "labels": [{"name": "tag", "value": "deeplink"}, {"name": "tag", "value": "@pytest.mark.usefixtures('setup', 'log_on_failure')"}, {"name": "parentSuite", "value": "Test"}, {"name": "suite", "value": "test_E2E"}, {"name": "subSuite", "value": "TestEmbibe"}, {"name": "host", "value": "LM0010069"}, {"name": "thread", "value": "2577-MainThread"}, {"name": "framework", "value": "pytest"}, {"name": "language", "value": "cpython3"}, {"name": "package", "value": "Test.test_E2E"}]}