{"name": "test_sub_big_books_carousel", "status": "skipped", "statusDetails": {"message": "XFAIL\n\nselenium.common.exceptions.NoSuchElementException: Message: no such element: Unable to locate element: {\"method\":\"xpath\",\"selector\":\"//div[@class='section subject-section']/div[2]/div/div/div[3]\"}\n  (Session info: chrome=135.0.7049.115); For documentation on this error, please visit: https://www.selenium.dev/documentation/webdriver/troubleshooting/errors#no-such-element-exception\nStacktrace:\n0   chromedriver                        0x00000001013f2a54 cxxbridge1$str$ptr + 2803960\n1   chromedriver                        0x00000001013eacf0 cxxbridge1$str$ptr + 2771860\n2   chromedriver                        0x0000000100f36864 cxxbridge1$string$len + 93028\n3   chromedriver                        0x0000000100f7d410 cxxbridge1$string$len + 382736\n4   chromedriver                        0x0000000100fbe480 cxxbridge1$string$len + 649088\n5   chromedriver                        0x0000000100f717ec cxxbridge1$string$len + 334572\n6   chromedriver                        0x00000001013b7ccc cxxbridge1$str$ptr + 2562928\n7   chromedriver                        0x00000001013baf98 cxxbridge1$str$ptr + 2575932\n8   chromedriver                        0x00000001013982c4 cxxbridge1$str$ptr + 2433384\n9   chromedriver                        0x00000001013bb810 cxxbridge1$str$ptr + 2578100\n10  chromedriver                        0x00000001013892f0 cxxbridge1$str$ptr + 2371988\n11  chromedriver                        0x00000001013db57c cxxbridge1$str$ptr + 2708512\n12  chromedriver                        0x00000001013db708 cxxbridge1$str$ptr + 2708908\n13  chromedriver                        0x00000001013ea93c cxxbridge1$str$ptr + 2770912\n14  libsystem_pthread.dylib             0x0000000185f2af94 _pthread_start + 136\n15  libsystem_pthread.dylib             0x0000000185f25d34 thread_start + 8", "trace": "self = <Test.test_E2E.TestEmbibe object at 0x1054b3750>\n\n    @pytest.mark.usefixtures(\"setup\", \"log_on_failure\")\n    @pytest.mark.learn\n    @pytest.mark.xfail\n    def test_sub_big_books_carousel(self):\n        log = self.getLogger()\n        self.test_sign_in_password()\n        learn = LearnHomePage(self.driver)\n>       learn.sub_embibe_big_books()\n\nTest/test_E2E.py:184: \n_ _ _ _ _ _ _ _ _ _ _ _ _ _ _ _ _ _ _ _ _ _ _ _ _ _ _ _ _ _ _ _ _ _ _ _ _ _ _ _ _ _ _ _ _ _ _ _ _ _ _ _ _ _ _ _ _ _ _ _ _ _ _ _ _ _ _ _ _ _ _ _ _ _ _ _ _ _ _ _ _ _ _ _\nPageObject/learn_home_page.py:609: in sub_embibe_big_books\n    self.driver.find_element(By.XPATH, \"//div[@class='section subject-section']/div[2]/div/div/div[\" + str(\n../../.venv/lib/python3.11/site-packages/selenium/webdriver/remote/webdriver.py:748: in find_element\n    return self.execute(Command.FIND_ELEMENT, {\"using\": by, \"value\": value})[\"value\"]\n../../.venv/lib/python3.11/site-packages/selenium/webdriver/remote/webdriver.py:354: in execute\n    self.error_handler.check_response(response)\n_ _ _ _ _ _ _ _ _ _ _ _ _ _ _ _ _ _ _ _ _ _ _ _ _ _ _ _ _ _ _ _ _ _ _ _ _ _ _ _ _ _ _ _ _ _ _ _ _ _ _ _ _ _ _ _ _ _ _ _ _ _ _ _ _ _ _ _ _ _ _ _ _ _ _ _ _ _ _ _ _ _ _ _\n\nself = <selenium.webdriver.remote.errorhandler.ErrorHandler object at 0x10565c190>\nresponse = {'status': 404, 'value': '{\"value\":{\"error\":\"no such element\",\"message\":\"no such element: Unable to locate element: {\\...000185f2af94 _pthread_start + 136\\\\n15  libsystem_pthread.dylib             0x0000000185f25d34 thread_start + 8\\\\n\"}}'}\n\n    def check_response(self, response: Dict[str, Any]) -> None:\n        \"\"\"Checks that a JSON response from the WebDriver does not have an\n        error.\n    \n        :Args:\n         - response - The JSON response from the WebDriver server as a dictionary\n           object.\n    \n        :Raises: If the response contains an error message.\n        \"\"\"\n        status = response.get(\"status\", None)\n        if not status or status == ErrorCode.SUCCESS:\n            return\n        value = None\n        message = response.get(\"message\", \"\")\n        screen: str = response.get(\"screen\", \"\")\n        stacktrace = None\n        if isinstance(status, int):\n            value_json = response.get(\"value\", None)\n            if value_json and isinstance(value_json, str):\n                import json\n    \n                try:\n                    value = json.loads(value_json)\n                    if len(value) == 1:\n                        value = value[\"value\"]\n                    status = value.get(\"error\", None)\n                    if not status:\n                        status = value.get(\"status\", ErrorCode.UNKNOWN_ERROR)\n                        message = value.get(\"value\") or value.get(\"message\")\n                        if not isinstance(message, str):\n                            value = message\n                            message = message.get(\"message\")\n                    else:\n                        message = value.get(\"message\", None)\n                except ValueError:\n                    pass\n    \n        exception_class: Type[WebDriverException]\n        e = ErrorCode()\n        error_codes = [item for item in dir(e) if not item.startswith(\"__\")]\n        for error_code in error_codes:\n            error_info = getattr(ErrorCode, error_code)\n            if isinstance(error_info, list) and status in error_info:\n                exception_class = getattr(ExceptionMapping, error_code, WebDriverException)\n                break\n        else:\n            exception_class = WebDriverException\n    \n        if not value:\n            value = response[\"value\"]\n        if isinstance(value, str):\n            raise exception_class(value)\n        if message == \"\" and \"message\" in value:\n            message = value[\"message\"]\n    \n        screen = None  # type: ignore[assignment]\n        if \"screen\" in value:\n            screen = value[\"screen\"]\n    \n        stacktrace = None\n        st_value = value.get(\"stackTrace\") or value.get(\"stacktrace\")\n        if st_value:\n            if isinstance(st_value, str):\n                stacktrace = st_value.split(\"\\n\")\n            else:\n                stacktrace = []\n                try:\n                    for frame in st_value:\n                        line = frame.get(\"lineNumber\", \"\")\n                        file = frame.get(\"fileName\", \"<anonymous>\")\n                        if line:\n                            file = f\"{file}:{line}\"\n                        meth = frame.get(\"methodName\", \"<anonymous>\")\n                        if \"className\" in frame:\n                            meth = f\"{frame['className']}.{meth}\"\n                        msg = \"    at %s (%s)\"\n                        msg = msg % (meth, file)\n                        stacktrace.append(msg)\n                except TypeError:\n                    pass\n        if exception_class == UnexpectedAlertPresentException:\n            alert_text = None\n            if \"data\" in value:\n                alert_text = value[\"data\"].get(\"text\")\n            elif \"alert\" in value:\n                alert_text = value[\"alert\"].get(\"text\")\n            raise exception_class(message, screen, stacktrace, alert_text)  # type: ignore[call-arg]  # mypy is not smart enough here\n>       raise exception_class(message, screen, stacktrace)\nE       selenium.common.exceptions.NoSuchElementException: Message: no such element: Unable to locate element: {\"method\":\"xpath\",\"selector\":\"//div[@class='section subject-section']/div[2]/div/div/div[3]\"}\nE         (Session info: chrome=135.0.7049.115); For documentation on this error, please visit: https://www.selenium.dev/documentation/webdriver/troubleshooting/errors#no-such-element-exception\nE       Stacktrace:\nE       0   chromedriver                        0x00000001013f2a54 cxxbridge1$str$ptr + 2803960\nE       1   chromedriver                        0x00000001013eacf0 cxxbridge1$str$ptr + 2771860\nE       2   chromedriver                        0x0000000100f36864 cxxbridge1$string$len + 93028\nE       3   chromedriver                        0x0000000100f7d410 cxxbridge1$string$len + 382736\nE       4   chromedriver                        0x0000000100fbe480 cxxbridge1$string$len + 649088\nE       5   chromedriver                        0x0000000100f717ec cxxbridge1$string$len + 334572\nE       6   chromedriver                        0x00000001013b7ccc cxxbridge1$str$ptr + 2562928\nE       7   chromedriver                        0x00000001013baf98 cxxbridge1$str$ptr + 2575932\nE       8   chromedriver                        0x00000001013982c4 cxxbridge1$str$ptr + 2433384\nE       9   chromedriver                        0x00000001013bb810 cxxbridge1$str$ptr + 2578100\nE       10  chromedriver                        0x00000001013892f0 cxxbridge1$str$ptr + 2371988\nE       11  chromedriver                        0x00000001013db57c cxxbridge1$str$ptr + 2708512\nE       12  chromedriver                        0x00000001013db708 cxxbridge1$str$ptr + 2708908\nE       13  chromedriver                        0x00000001013ea93c cxxbridge1$str$ptr + 2770912\nE       14  libsystem_pthread.dylib             0x0000000185f2af94 _pthread_start + 136\nE       15  libsystem_pthread.dylib             0x0000000185f25d34 thread_start + 8\n\n../../.venv/lib/python3.11/site-packages/selenium/webdriver/remote/errorhandler.py:229: NoSuchElementException"}, "attachments": [{"name": "log", "source": "331fdee3-4a0c-4bf6-8a26-3d83f03a7874-attachment.txt", "type": "text/plain"}], "start": 1747036588417, "stop": 1747036624928, "uuid": "1d0b0f47-6a96-4953-ace9-0037b1d755ce", "historyId": "90a0b1247281133420affdc203d6a7f4", "testCaseId": "90a0b1247281133420affdc203d6a7f4", "fullName": "Test.test_E2E.TestEmbibe#test_sub_big_books_carousel", "labels": [{"name": "tag", "value": "@pytest.mark.xfail"}, {"name": "tag", "value": "learn"}, {"name": "tag", "value": "@pytest.mark.usefixtures('setup', 'log_on_failure')"}, {"name": "parentSuite", "value": "Test"}, {"name": "suite", "value": "test_E2E"}, {"name": "subSuite", "value": "TestEmbibe"}, {"name": "host", "value": "LM0010069"}, {"name": "thread", "value": "2333-MainThread"}, {"name": "framework", "value": "pytest"}, {"name": "language", "value": "cpython3"}, {"name": "package", "value": "Test.test_E2E"}]}