{"name": "test_create_PAJ_journey", "status": "broken", "statusDetails": {"message": "selenium.common.exceptions.ElementClickInterceptedException: Message: element click intercepted: Element <span>...</span> is not clickable at point (1202, 656). Other element would receive the click: <div class=\"questionnaire-container eds-col-xs-12 eds-col-lg-12\">...</div>\n  (Session info: chrome=136.0.7103.93)\nStacktrace:\n0   chromedriver                        0x00000001053503bc cxxbridge1$str$ptr + 2829900\n1   chromedriver                        0x0000000105348684 cxxbridge1$str$ptr + 2797844\n2   chromedriver                        0x0000000104e85fbc cxxbridge1$string$len + 90140\n3   chromedriver                        0x0000000104ed2d20 cxxbridge1$string$len + 404864\n4   chromedriver                        0x0000000104ed128c cxxbridge1$string$len + 398060\n5   chromedriver                        0x0000000104ecf0a0 cxxbridge1$string$len + 389376\n6   chromedriver                        0x0000000104ece49c cxxbridge1$string$len + 386300\n7   chromedriver                        0x0000000104ec2f14 cxxbridge1$string$len + 339828\n8   chromedriver                        0x0000000104ec29a0 cxxbridge1$string$len + 338432\n9   chromedriver                        0x0000000104f0e044 cxxbridge1$string$len + 647332\n10  chromedriver                        0x0000000104ec13f8 cxxbridge1$string$len + 332888\n11  chromedriver                        0x00000001053147e0 cxxbridge1$str$ptr + 2585200\n12  chromedriver                        0x0000000105317ab0 cxxbridge1$str$ptr + 2598208\n13  chromedriver                        0x00000001052f5db4 cxxbridge1$str$ptr + 2459716\n14  chromedriver                        0x0000000105318328 cxxbridge1$str$ptr + 2600376\n15  chromedriver                        0x00000001052e7640 cxxbridge1$str$ptr + 2400464\n16  chromedriver                        0x000000010533828c cxxbridge1$str$ptr + 2731292\n17  chromedriver                        0x0000000105338418 cxxbridge1$str$ptr + 2731688\n18  chromedriver                        0x00000001053482d0 cxxbridge1$str$ptr + 2796896\n19  libsystem_pthread.dylib             0x0000000185f2af94 _pthread_start + 136\n20  libsystem_pthread.dylib             0x0000000185f25d34 thread_start + 8", "trace": "self = <Test.test_E2E.TestEmbibe object at 0x105408c90>\n\n    @pytest.mark.usefixtures(\"setup\", \"log_on_failure\")\n    @pytest.mark.achieve\n    def test_create_PAJ_journey(self):\n        log = self.getLogger()\n        self.test_sign_in_password()\n        achieve = achievehomepage(self.driver)\n>       achieve.create_PAJ_journey()\n\nTest/test_E2E.py:707: \n_ _ _ _ _ _ _ _ _ _ _ _ _ _ _ _ _ _ _ _ _ _ _ _ _ _ _ _ _ _ _ _ _ _ _ _ _ _ _ _ _ _ _ _ _ _ _ _ _ _ _ _ _ _ _ _ _ _ _ _ _ _ _ _ _ _ _ _ _ _ _ _ _ _ _ _ _ _ _ _ _ _ _ _\nPageObject/achieve_page.py:178: in create_PAJ_journey\n    self.wait_for_clickable(achievehomepage.generate_PAJ_button).click()\n../../.venv/lib/python3.11/site-packages/selenium/webdriver/remote/webelement.py:94: in click\n    self._execute(Command.CLICK_ELEMENT)\n../../.venv/lib/python3.11/site-packages/selenium/webdriver/remote/webelement.py:395: in _execute\n    return self._parent.execute(command, params)\n../../.venv/lib/python3.11/site-packages/selenium/webdriver/remote/webdriver.py:354: in execute\n    self.error_handler.check_response(response)\n_ _ _ _ _ _ _ _ _ _ _ _ _ _ _ _ _ _ _ _ _ _ _ _ _ _ _ _ _ _ _ _ _ _ _ _ _ _ _ _ _ _ _ _ _ _ _ _ _ _ _ _ _ _ _ _ _ _ _ _ _ _ _ _ _ _ _ _ _ _ _ _ _ _ _ _ _ _ _ _ _ _ _ _\n\nself = <selenium.webdriver.remote.errorhandler.ErrorHandler object at 0x10574fd10>\nresponse = {'status': 400, 'value': '{\"value\":{\"error\":\"element click intercepted\",\"message\":\"element click intercepted: Element ...000185f2af94 _pthread_start + 136\\\\n20  libsystem_pthread.dylib             0x0000000185f25d34 thread_start + 8\\\\n\"}}'}\n\n    def check_response(self, response: Dict[str, Any]) -> None:\n        \"\"\"Checks that a JSON response from the WebDriver does not have an\n        error.\n    \n        :Args:\n         - response - The JSON response from the WebDriver server as a dictionary\n           object.\n    \n        :Raises: If the response contains an error message.\n        \"\"\"\n        status = response.get(\"status\", None)\n        if not status or status == ErrorCode.SUCCESS:\n            return\n        value = None\n        message = response.get(\"message\", \"\")\n        screen: str = response.get(\"screen\", \"\")\n        stacktrace = None\n        if isinstance(status, int):\n            value_json = response.get(\"value\", None)\n            if value_json and isinstance(value_json, str):\n                import json\n    \n                try:\n                    value = json.loads(value_json)\n                    if len(value) == 1:\n                        value = value[\"value\"]\n                    status = value.get(\"error\", None)\n                    if not status:\n                        status = value.get(\"status\", ErrorCode.UNKNOWN_ERROR)\n                        message = value.get(\"value\") or value.get(\"message\")\n                        if not isinstance(message, str):\n                            value = message\n                            message = message.get(\"message\")\n                    else:\n                        message = value.get(\"message\", None)\n                except ValueError:\n                    pass\n    \n        exception_class: Type[WebDriverException]\n        e = ErrorCode()\n        error_codes = [item for item in dir(e) if not item.startswith(\"__\")]\n        for error_code in error_codes:\n            error_info = getattr(ErrorCode, error_code)\n            if isinstance(error_info, list) and status in error_info:\n                exception_class = getattr(ExceptionMapping, error_code, WebDriverException)\n                break\n        else:\n            exception_class = WebDriverException\n    \n        if not value:\n            value = response[\"value\"]\n        if isinstance(value, str):\n            raise exception_class(value)\n        if message == \"\" and \"message\" in value:\n            message = value[\"message\"]\n    \n        screen = None  # type: ignore[assignment]\n        if \"screen\" in value:\n            screen = value[\"screen\"]\n    \n        stacktrace = None\n        st_value = value.get(\"stackTrace\") or value.get(\"stacktrace\")\n        if st_value:\n            if isinstance(st_value, str):\n                stacktrace = st_value.split(\"\\n\")\n            else:\n                stacktrace = []\n                try:\n                    for frame in st_value:\n                        line = frame.get(\"lineNumber\", \"\")\n                        file = frame.get(\"fileName\", \"<anonymous>\")\n                        if line:\n                            file = f\"{file}:{line}\"\n                        meth = frame.get(\"methodName\", \"<anonymous>\")\n                        if \"className\" in frame:\n                            meth = f\"{frame['className']}.{meth}\"\n                        msg = \"    at %s (%s)\"\n                        msg = msg % (meth, file)\n                        stacktrace.append(msg)\n                except TypeError:\n                    pass\n        if exception_class == UnexpectedAlertPresentException:\n            alert_text = None\n            if \"data\" in value:\n                alert_text = value[\"data\"].get(\"text\")\n            elif \"alert\" in value:\n                alert_text = value[\"alert\"].get(\"text\")\n            raise exception_class(message, screen, stacktrace, alert_text)  # type: ignore[call-arg]  # mypy is not smart enough here\n>       raise exception_class(message, screen, stacktrace)\nE       selenium.common.exceptions.ElementClickInterceptedException: Message: element click intercepted: Element <span>...</span> is not clickable at point (1202, 656). Other element would receive the click: <div class=\"questionnaire-container eds-col-xs-12 eds-col-lg-12\">...</div>\nE         (Session info: chrome=136.0.7103.93)\nE       Stacktrace:\nE       0   chromedriver                        0x00000001053503bc cxxbridge1$str$ptr + 2829900\nE       1   chromedriver                        0x0000000105348684 cxxbridge1$str$ptr + 2797844\nE       2   chromedriver                        0x0000000104e85fbc cxxbridge1$string$len + 90140\nE       3   chromedriver                        0x0000000104ed2d20 cxxbridge1$string$len + 404864\nE       4   chromedriver                        0x0000000104ed128c cxxbridge1$string$len + 398060\nE       5   chromedriver                        0x0000000104ecf0a0 cxxbridge1$string$len + 389376\nE       6   chromedriver                        0x0000000104ece49c cxxbridge1$string$len + 386300\nE       7   chromedriver                        0x0000000104ec2f14 cxxbridge1$string$len + 339828\nE       8   chromedriver                        0x0000000104ec29a0 cxxbridge1$string$len + 338432\nE       9   chromedriver                        0x0000000104f0e044 cxxbridge1$string$len + 647332\nE       10  chromedriver                        0x0000000104ec13f8 cxxbridge1$string$len + 332888\nE       11  chromedriver                        0x00000001053147e0 cxxbridge1$str$ptr + 2585200\nE       12  chromedriver                        0x0000000105317ab0 cxxbridge1$str$ptr + 2598208\nE       13  chromedriver                        0x00000001052f5db4 cxxbridge1$str$ptr + 2459716\nE       14  chromedriver                        0x0000000105318328 cxxbridge1$str$ptr + 2600376\nE       15  chromedriver                        0x00000001052e7640 cxxbridge1$str$ptr + 2400464\nE       16  chromedriver                        0x000000010533828c cxxbridge1$str$ptr + 2731292\nE       17  chromedriver                        0x0000000105338418 cxxbridge1$str$ptr + 2731688\nE       18  chromedriver                        0x00000001053482d0 cxxbridge1$str$ptr + 2796896\nE       19  libsystem_pthread.dylib             0x0000000185f2af94 _pthread_start + 136\nE       20  libsystem_pthread.dylib             0x0000000185f25d34 thread_start + 8\n\n../../.venv/lib/python3.11/site-packages/selenium/webdriver/remote/errorhandler.py:229: ElementClickInterceptedException"}, "attachments": [{"name": "log", "source": "1a9bb72d-1d87-492f-9f44-110f194180d4-attachment.txt", "type": "text/plain"}], "start": 1747039675157, "stop": 1747039684789, "uuid": "4f01bef5-74fc-4427-b115-29d3a69993b5", "historyId": "607e389147c39aa2547cd1da42e39458", "testCaseId": "607e389147c39aa2547cd1da42e39458", "fullName": "Test.test_E2E.TestEmbibe#test_create_PAJ_journey", "labels": [{"name": "tag", "value": "achieve"}, {"name": "tag", "value": "@pytest.mark.usefixtures('setup', 'log_on_failure')"}, {"name": "parentSuite", "value": "Test"}, {"name": "suite", "value": "test_E2E"}, {"name": "subSuite", "value": "TestEmbibe"}, {"name": "host", "value": "LM0010069"}, {"name": "thread", "value": "2333-MainThread"}, {"name": "framework", "value": "pytest"}, {"name": "language", "value": "cpython3"}, {"name": "package", "value": "Test.test_E2E"}]}