{"name": "test_sub_learn_chapters", "status": "skipped", "statusDetails": {"message": "XFAIL\n\nselenium.common.exceptions.ElementNotInteractableException: Message: element not interactable\n  (Session info: chrome=136.0.7103.93)\nStacktrace:\n0   chromedriver                        0x00000001049f03bc cxxbridge1$str$ptr + 2829900\n1   chromedriver                        0x00000001049e8684 cxxbridge1$str$ptr + 2797844\n2   chromedriver                        0x0000000104525e30 cxxbridge1$string$len + 89744\n3   chromedriver                        0x0000000104567e1c cxxbridge1$string$len + 360060\n4   chromedriver                        0x0000000104566b88 cxxbridge1$string$len + 355304\n5   chromedriver                        0x00000001045629a0 cxxbridge1$string$len + 338432\n6   chromedriver                        0x00000001045ae044 cxxbridge1$string$len + 647332\n7   chromedriver                        0x00000001045613f8 cxxbridge1$string$len + 332888\n8   chromedriver                        0x00000001049b47e0 cxxbridge1$str$ptr + 2585200\n9   chromedriver                        0x00000001049b7ab0 cxxbridge1$str$ptr + 2598208\n10  chromedriver                        0x0000000104995db4 cxxbridge1$str$ptr + 2459716\n11  chromedriver                        0x00000001049b8328 cxxbridge1$str$ptr + 2600376\n12  chromedriver                        0x0000000104987640 cxxbridge1$str$ptr + 2400464\n13  chromedriver                        0x00000001049d828c cxxbridge1$str$ptr + 2731292\n14  chromedriver                        0x00000001049d8418 cxxbridge1$str$ptr + 2731688\n15  chromedriver                        0x00000001049e82d0 cxxbridge1$str$ptr + 2796896\n16  libsystem_pthread.dylib             0x00000001835e2f94 _pthread_start + 136\n17  libsystem_pthread.dylib             0x00000001835ddd34 thread_start + 8", "trace": "self = <PageObject.learn_home_page.LearnHomePage object at 0x1057edad0>\n\n    def play_video_button(self):\n    \n        self.driver.find_element(*LearnHomePage.learn_button).click()\n        time.sleep(3)\n        try:\n>           popup = self.driver.find_element(By.XPATH, \"//*[text()='Continue from where you left?']\")\n\nPageObject/learn_home_page.py:658: \n_ _ _ _ _ _ _ _ _ _ _ _ _ _ _ _ _ _ _ _ _ _ _ _ _ _ _ _ _ _ _ _ _ _ _ _ _ _ _ _ _ _ _ _ _ _ _ _ _ _ _ _ _ _ _ _ _ _ _ _ _ _ _ _ _ _ _ _ _ _ _ _ _ _ _ _ _ _ _ _ _ _ _ _\n../../.venv/lib/python3.11/site-packages/selenium/webdriver/remote/webdriver.py:748: in find_element\n    return self.execute(Command.FIND_ELEMENT, {\"using\": by, \"value\": value})[\"value\"]\n../../.venv/lib/python3.11/site-packages/selenium/webdriver/remote/webdriver.py:354: in execute\n    self.error_handler.check_response(response)\n_ _ _ _ _ _ _ _ _ _ _ _ _ _ _ _ _ _ _ _ _ _ _ _ _ _ _ _ _ _ _ _ _ _ _ _ _ _ _ _ _ _ _ _ _ _ _ _ _ _ _ _ _ _ _ _ _ _ _ _ _ _ _ _ _ _ _ _ _ _ _ _ _ _ _ _ _ _ _ _ _ _ _ _\n\nself = <selenium.webdriver.remote.errorhandler.ErrorHandler object at 0x1057542d0>\nresponse = {'status': 404, 'value': '{\"value\":{\"error\":\"no such element\",\"message\":\"no such element: Unable to locate element: {\\...0001835e2f94 _pthread_start + 136\\\\n15  libsystem_pthread.dylib             0x00000001835ddd34 thread_start + 8\\\\n\"}}'}\n\n    def check_response(self, response: Dict[str, Any]) -> None:\n        \"\"\"Checks that a JSON response from the WebDriver does not have an\n        error.\n    \n        :Args:\n         - response - The JSON response from the WebDriver server as a dictionary\n           object.\n    \n        :Raises: If the response contains an error message.\n        \"\"\"\n        status = response.get(\"status\", None)\n        if not status or status == ErrorCode.SUCCESS:\n            return\n        value = None\n        message = response.get(\"message\", \"\")\n        screen: str = response.get(\"screen\", \"\")\n        stacktrace = None\n        if isinstance(status, int):\n            value_json = response.get(\"value\", None)\n            if value_json and isinstance(value_json, str):\n                import json\n    \n                try:\n                    value = json.loads(value_json)\n                    if len(value) == 1:\n                        value = value[\"value\"]\n                    status = value.get(\"error\", None)\n                    if not status:\n                        status = value.get(\"status\", ErrorCode.UNKNOWN_ERROR)\n                        message = value.get(\"value\") or value.get(\"message\")\n                        if not isinstance(message, str):\n                            value = message\n                            message = message.get(\"message\")\n                    else:\n                        message = value.get(\"message\", None)\n                except ValueError:\n                    pass\n    \n        exception_class: Type[WebDriverException]\n        e = ErrorCode()\n        error_codes = [item for item in dir(e) if not item.startswith(\"__\")]\n        for error_code in error_codes:\n            error_info = getattr(ErrorCode, error_code)\n            if isinstance(error_info, list) and status in error_info:\n                exception_class = getattr(ExceptionMapping, error_code, WebDriverException)\n                break\n        else:\n            exception_class = WebDriverException\n    \n        if not value:\n            value = response[\"value\"]\n        if isinstance(value, str):\n            raise exception_class(value)\n        if message == \"\" and \"message\" in value:\n            message = value[\"message\"]\n    \n        screen = None  # type: ignore[assignment]\n        if \"screen\" in value:\n            screen = value[\"screen\"]\n    \n        stacktrace = None\n        st_value = value.get(\"stackTrace\") or value.get(\"stacktrace\")\n        if st_value:\n            if isinstance(st_value, str):\n                stacktrace = st_value.split(\"\\n\")\n            else:\n                stacktrace = []\n                try:\n                    for frame in st_value:\n                        line = frame.get(\"lineNumber\", \"\")\n                        file = frame.get(\"fileName\", \"<anonymous>\")\n                        if line:\n                            file = f\"{file}:{line}\"\n                        meth = frame.get(\"methodName\", \"<anonymous>\")\n                        if \"className\" in frame:\n                            meth = f\"{frame['className']}.{meth}\"\n                        msg = \"    at %s (%s)\"\n                        msg = msg % (meth, file)\n                        stacktrace.append(msg)\n                except TypeError:\n                    pass\n        if exception_class == UnexpectedAlertPresentException:\n            alert_text = None\n            if \"data\" in value:\n                alert_text = value[\"data\"].get(\"text\")\n            elif \"alert\" in value:\n                alert_text = value[\"alert\"].get(\"text\")\n            raise exception_class(message, screen, stacktrace, alert_text)  # type: ignore[call-arg]  # mypy is not smart enough here\n>       raise exception_class(message, screen, stacktrace)\nE       selenium.common.exceptions.NoSuchElementException: Message: no such element: Unable to locate element: {\"method\":\"xpath\",\"selector\":\"//*[text()='Continue from where you left?']\"}\nE         (Session info: chrome=136.0.7103.93); For documentation on this error, please visit: https://www.selenium.dev/documentation/webdriver/troubleshooting/errors#no-such-element-exception\nE       Stacktrace:\nE       0   chromedriver                        0x00000001049f03bc cxxbridge1$str$ptr + 2829900\nE       1   chromedriver                        0x00000001049e8684 cxxbridge1$str$ptr + 2797844\nE       2   chromedriver                        0x0000000104525fbc cxxbridge1$string$len + 90140\nE       3   chromedriver                        0x000000010456d1bc cxxbridge1$string$len + 381468\nE       4   chromedriver                        0x00000001045ae044 cxxbridge1$string$len + 647332\nE       5   chromedriver                        0x00000001045613f8 cxxbridge1$string$len + 332888\nE       6   chromedriver                        0x00000001049b47e0 cxxbridge1$str$ptr + 2585200\nE       7   chromedriver                        0x00000001049b7ab0 cxxbridge1$str$ptr + 2598208\nE       8   chromedriver                        0x0000000104995db4 cxxbridge1$str$ptr + 2459716\nE       9   chromedriver                        0x00000001049b8328 cxxbridge1$str$ptr + 2600376\nE       10  chromedriver                        0x0000000104987640 cxxbridge1$str$ptr + 2400464\nE       11  chromedriver                        0x00000001049d828c cxxbridge1$str$ptr + 2731292\nE       12  chromedriver                        0x00000001049d8418 cxxbridge1$str$ptr + 2731688\nE       13  chromedriver                        0x00000001049e82d0 cxxbridge1$str$ptr + 2796896\nE       14  libsystem_pthread.dylib             0x00000001835e2f94 _pthread_start + 136\nE       15  libsystem_pthread.dylib             0x00000001835ddd34 thread_start + 8\n\n../../.venv/lib/python3.11/site-packages/selenium/webdriver/remote/errorhandler.py:229: NoSuchElementException\n\nDuring handling of the above exception, another exception occurred:\n\nself = <Test.test_E2E.TestEmbibe object at 0x105453710>\n\n    @pytest.mark.usefixtures(\"setup\", \"log_on_failure\")\n    @pytest.mark.xfail\n    def test_sub_learn_chapters(self):\n        log = self.getLogger()\n        self.test_sign_in_password()\n        learn = LearnHomePage(self.driver)\n>       learn.sub_learn_chapter()\n\nTest/test_E2E.py:174: \n_ _ _ _ _ _ _ _ _ _ _ _ _ _ _ _ _ _ _ _ _ _ _ _ _ _ _ _ _ _ _ _ _ _ _ _ _ _ _ _ _ _ _ _ _ _ _ _ _ _ _ _ _ _ _ _ _ _ _ _ _ _ _ _ _ _ _ _ _ _ _ _ _ _ _ _ _ _ _ _ _ _ _ _\nPageObject/learn_home_page.py:314: in sub_learn_chapter\n    self.play_video_button()\nPageObject/learn_home_page.py:669: in play_video_button\n    self.driver.find_element(*LearnHomePage.learn_button).send_keys(keys.Keys.ESCAPE)\n../../.venv/lib/python3.11/site-packages/selenium/webdriver/remote/webelement.py:231: in send_keys\n    self._execute(\n../../.venv/lib/python3.11/site-packages/selenium/webdriver/remote/webelement.py:395: in _execute\n    return self._parent.execute(command, params)\n../../.venv/lib/python3.11/site-packages/selenium/webdriver/remote/webdriver.py:354: in execute\n    self.error_handler.check_response(response)\n_ _ _ _ _ _ _ _ _ _ _ _ _ _ _ _ _ _ _ _ _ _ _ _ _ _ _ _ _ _ _ _ _ _ _ _ _ _ _ _ _ _ _ _ _ _ _ _ _ _ _ _ _ _ _ _ _ _ _ _ _ _ _ _ _ _ _ _ _ _ _ _ _ _ _ _ _ _ _ _ _ _ _ _\n\nself = <selenium.webdriver.remote.errorhandler.ErrorHandler object at 0x1057542d0>\nresponse = {'status': 400, 'value': '{\"value\":{\"error\":\"element not interactable\",\"message\":\"element not interactable\\\\n  (Sessio...0001835e2f94 _pthread_start + 136\\\\n17  libsystem_pthread.dylib             0x00000001835ddd34 thread_start + 8\\\\n\"}}'}\n\n    def check_response(self, response: Dict[str, Any]) -> None:\n        \"\"\"Checks that a JSON response from the WebDriver does not have an\n        error.\n    \n        :Args:\n         - response - The JSON response from the WebDriver server as a dictionary\n           object.\n    \n        :Raises: If the response contains an error message.\n        \"\"\"\n        status = response.get(\"status\", None)\n        if not status or status == ErrorCode.SUCCESS:\n            return\n        value = None\n        message = response.get(\"message\", \"\")\n        screen: str = response.get(\"screen\", \"\")\n        stacktrace = None\n        if isinstance(status, int):\n            value_json = response.get(\"value\", None)\n            if value_json and isinstance(value_json, str):\n                import json\n    \n                try:\n                    value = json.loads(value_json)\n                    if len(value) == 1:\n                        value = value[\"value\"]\n                    status = value.get(\"error\", None)\n                    if not status:\n                        status = value.get(\"status\", ErrorCode.UNKNOWN_ERROR)\n                        message = value.get(\"value\") or value.get(\"message\")\n                        if not isinstance(message, str):\n                            value = message\n                            message = message.get(\"message\")\n                    else:\n                        message = value.get(\"message\", None)\n                except ValueError:\n                    pass\n    \n        exception_class: Type[WebDriverException]\n        e = ErrorCode()\n        error_codes = [item for item in dir(e) if not item.startswith(\"__\")]\n        for error_code in error_codes:\n            error_info = getattr(ErrorCode, error_code)\n            if isinstance(error_info, list) and status in error_info:\n                exception_class = getattr(ExceptionMapping, error_code, WebDriverException)\n                break\n        else:\n            exception_class = WebDriverException\n    \n        if not value:\n            value = response[\"value\"]\n        if isinstance(value, str):\n            raise exception_class(value)\n        if message == \"\" and \"message\" in value:\n            message = value[\"message\"]\n    \n        screen = None  # type: ignore[assignment]\n        if \"screen\" in value:\n            screen = value[\"screen\"]\n    \n        stacktrace = None\n        st_value = value.get(\"stackTrace\") or value.get(\"stacktrace\")\n        if st_value:\n            if isinstance(st_value, str):\n                stacktrace = st_value.split(\"\\n\")\n            else:\n                stacktrace = []\n                try:\n                    for frame in st_value:\n                        line = frame.get(\"lineNumber\", \"\")\n                        file = frame.get(\"fileName\", \"<anonymous>\")\n                        if line:\n                            file = f\"{file}:{line}\"\n                        meth = frame.get(\"methodName\", \"<anonymous>\")\n                        if \"className\" in frame:\n                            meth = f\"{frame['className']}.{meth}\"\n                        msg = \"    at %s (%s)\"\n                        msg = msg % (meth, file)\n                        stacktrace.append(msg)\n                except TypeError:\n                    pass\n        if exception_class == UnexpectedAlertPresentException:\n            alert_text = None\n            if \"data\" in value:\n                alert_text = value[\"data\"].get(\"text\")\n            elif \"alert\" in value:\n                alert_text = value[\"alert\"].get(\"text\")\n            raise exception_class(message, screen, stacktrace, alert_text)  # type: ignore[call-arg]  # mypy is not smart enough here\n>       raise exception_class(message, screen, stacktrace)\nE       selenium.common.exceptions.ElementNotInteractableException: Message: element not interactable\nE         (Session info: chrome=136.0.7103.93)\nE       Stacktrace:\nE       0   chromedriver                        0x00000001049f03bc cxxbridge1$str$ptr + 2829900\nE       1   chromedriver                        0x00000001049e8684 cxxbridge1$str$ptr + 2797844\nE       2   chromedriver                        0x0000000104525e30 cxxbridge1$string$len + 89744\nE       3   chromedriver                        0x0000000104567e1c cxxbridge1$string$len + 360060\nE       4   chromedriver                        0x0000000104566b88 cxxbridge1$string$len + 355304\nE       5   chromedriver                        0x00000001045629a0 cxxbridge1$string$len + 338432\nE       6   chromedriver                        0x00000001045ae044 cxxbridge1$string$len + 647332\nE       7   chromedriver                        0x00000001045613f8 cxxbridge1$string$len + 332888\nE       8   chromedriver                        0x00000001049b47e0 cxxbridge1$str$ptr + 2585200\nE       9   chromedriver                        0x00000001049b7ab0 cxxbridge1$str$ptr + 2598208\nE       10  chromedriver                        0x0000000104995db4 cxxbridge1$str$ptr + 2459716\nE       11  chromedriver                        0x00000001049b8328 cxxbridge1$str$ptr + 2600376\nE       12  chromedriver                        0x0000000104987640 cxxbridge1$str$ptr + 2400464\nE       13  chromedriver                        0x00000001049d828c cxxbridge1$str$ptr + 2731292\nE       14  chromedriver                        0x00000001049d8418 cxxbridge1$str$ptr + 2731688\nE       15  chromedriver                        0x00000001049e82d0 cxxbridge1$str$ptr + 2796896\nE       16  libsystem_pthread.dylib             0x00000001835e2f94 _pthread_start + 136\nE       17  libsystem_pthread.dylib             0x00000001835ddd34 thread_start + 8\n\n../../.venv/lib/python3.11/site-packages/selenium/webdriver/remote/errorhandler.py:229: ElementNotInteractableException"}, "attachments": [{"name": "log", "source": "61d4ebd1-7d19-404a-9c8a-38e66123cbff-attachment.txt", "type": "text/plain"}], "start": 1747116391950, "stop": 1747116555736, "uuid": "dc8267ec-2dee-402a-868a-02e1acf89840", "historyId": "450e0cc3138b977396a4aa757e91cbbe", "testCaseId": "450e0cc3138b977396a4aa757e91cbbe", "fullName": "Test.test_E2E.TestEmbibe#test_sub_learn_chapters", "labels": [{"name": "tag", "value": "@pytest.mark.xfail"}, {"name": "tag", "value": "@pytest.mark.usefixtures('setup', 'log_on_failure')"}, {"name": "parentSuite", "value": "Test"}, {"name": "suite", "value": "test_E2E"}, {"name": "subSuite", "value": "TestEmbibe"}, {"name": "host", "value": "LM0010069"}, {"name": "thread", "value": "2577-MainThread"}, {"name": "framework", "value": "pytest"}, {"name": "language", "value": "cpython3"}, {"name": "package", "value": "Test.test_E2E"}]}