{"name": "test_click_explore_mastery", "status": "broken", "statusDetails": {"message": "selenium.common.exceptions.TimeoutException: Message: \nStacktrace:\n0   chromedriver                        0x0000000102a983bc cxxbridge1$str$ptr + 2829900\n1   chromedriver                        0x0000000102a90684 cxxbridge1$str$ptr + 2797844\n2   chromedriver                        0x00000001025cdfbc cxxbridge1$string$len + 90140\n3   chromedriver                        0x00000001026151bc cxxbridge1$string$len + 381468\n4   chromedriver                        0x0000000102656044 cxxbridge1$string$len + 647332\n5   chromedriver                        0x00000001026093f8 cxxbridge1$string$len + 332888\n6   chromedriver                        0x0000000102a5c7e0 cxxbridge1$str$ptr + 2585200\n7   chromedriver                        0x0000000102a5fab0 cxxbridge1$str$ptr + 2598208\n8   chromedriver                        0x0000000102a3ddb4 cxxbridge1$str$ptr + 2459716\n9   chromedriver                        0x0000000102a60328 cxxbridge1$str$ptr + 2600376\n10  chromedriver                        0x0000000102a2f640 cxxbridge1$str$ptr + 2400464\n11  chromedriver                        0x0000000102a8028c cxxbridge1$str$ptr + 2731292\n12  chromedriver                        0x0000000102a80418 cxxbridge1$str$ptr + 2731688\n13  chromedriver                        0x0000000102a902d0 cxxbridge1$str$ptr + 2796896\n14  libsystem_pthread.dylib             0x00000001835e2f94 _pthread_start + 136\n15  libsystem_pthread.dylib             0x00000001835ddd34 thread_start + 8", "trace": "self = <Test.test_E2E.TestEmbibe object at 0x1053b0e90>\n\n    @pytest.mark.usefixtures(\"setup\", \"log_on_failure\")\n    @pytest.mark.achievee\n    def test_click_explore_mastery(self):\n        log = self.getLogger()\n        self.test_sign_in_password()\n        achieve = achievehomepage(self.driver)\n>       achieve.explore_mastery_tile()\n\nTest/test_E2E.py:716: \n_ _ _ _ _ _ _ _ _ _ _ _ _ _ _ _ _ _ _ _ _ _ _ _ _ _ _ _ _ _ _ _ _ _ _ _ _ _ _ _ _ _ _ _ _ _ _ _ _ _ _ _ _ _ _ _ _ _ _ _ _ _ _ _ _ _ _ _ _ _ _ _ _ _ _ _ _ _ _ _ _ _ _ _\nPageObject/achieve_page.py:193: in explore_mastery_tile\n    self.wait_for_clickable(achievehomepage.explore_mastery_1st_video).click()\nPageObject/achieve_page.py:52: in wait_for_clickable\n    return self.wait.until(EC.element_to_be_clickable(locator))\n_ _ _ _ _ _ _ _ _ _ _ _ _ _ _ _ _ _ _ _ _ _ _ _ _ _ _ _ _ _ _ _ _ _ _ _ _ _ _ _ _ _ _ _ _ _ _ _ _ _ _ _ _ _ _ _ _ _ _ _ _ _ _ _ _ _ _ _ _ _ _ _ _ _ _ _ _ _ _ _ _ _ _ _\n\nself = <selenium.webdriver.support.wait.WebDriverWait (session=\"26b040d499d1799ecc8191061cc40360\")>\nmethod = <function element_to_be_clickable.<locals>._predicate at 0x1053a2020>, message = ''\n\n    def until(self, method: Callable[[D], Union[Literal[False], T]], message: str = \"\") -> T:\n        \"\"\"Calls the method provided with the driver as an argument until the \\\n        return value does not evaluate to ``False``.\n    \n        :param method: callable(WebDriver)\n        :param message: optional message for :exc:`TimeoutException`\n        :returns: the result of the last call to `method`\n        :raises: :exc:`selenium.common.exceptions.TimeoutException` if timeout occurs\n        \"\"\"\n        screen = None\n        stacktrace = None\n    \n        end_time = time.monotonic() + self._timeout\n        while True:\n            try:\n                value = method(self._driver)\n                if value:\n                    return value\n            except self._ignored_exceptions as exc:\n                screen = getattr(exc, \"screen\", None)\n                stacktrace = getattr(exc, \"stacktrace\", None)\n            time.sleep(self._poll)\n            if time.monotonic() > end_time:\n                break\n>       raise TimeoutException(message, screen, stacktrace)\nE       selenium.common.exceptions.TimeoutException: Message: \nE       Stacktrace:\nE       0   chromedriver                        0x0000000102a983bc cxxbridge1$str$ptr + 2829900\nE       1   chromedriver                        0x0000000102a90684 cxxbridge1$str$ptr + 2797844\nE       2   chromedriver                        0x00000001025cdfbc cxxbridge1$string$len + 90140\nE       3   chromedriver                        0x00000001026151bc cxxbridge1$string$len + 381468\nE       4   chromedriver                        0x0000000102656044 cxxbridge1$string$len + 647332\nE       5   chromedriver                        0x00000001026093f8 cxxbridge1$string$len + 332888\nE       6   chromedriver                        0x0000000102a5c7e0 cxxbridge1$str$ptr + 2585200\nE       7   chromedriver                        0x0000000102a5fab0 cxxbridge1$str$ptr + 2598208\nE       8   chromedriver                        0x0000000102a3ddb4 cxxbridge1$str$ptr + 2459716\nE       9   chromedriver                        0x0000000102a60328 cxxbridge1$str$ptr + 2600376\nE       10  chromedriver                        0x0000000102a2f640 cxxbridge1$str$ptr + 2400464\nE       11  chromedriver                        0x0000000102a8028c cxxbridge1$str$ptr + 2731292\nE       12  chromedriver                        0x0000000102a80418 cxxbridge1$str$ptr + 2731688\nE       13  chromedriver                        0x0000000102a902d0 cxxbridge1$str$ptr + 2796896\nE       14  libsystem_pthread.dylib             0x00000001835e2f94 _pthread_start + 136\nE       15  libsystem_pthread.dylib             0x00000001835ddd34 thread_start + 8\n\n../../.venv/lib/python3.11/site-packages/selenium/webdriver/support/wait.py:105: TimeoutException"}, "attachments": [{"name": "log", "source": "f7831e48-2b38-4871-a356-a07360068bdc-attachment.txt", "type": "text/plain"}], "start": 1747118924315, "stop": 1747118968242, "uuid": "31ab3061-fe45-4985-b8fa-e205f20e2d85", "historyId": "41e2d49568eda92f9a2804704aae0c56", "testCaseId": "41e2d49568eda92f9a2804704aae0c56", "fullName": "Test.test_E2E.TestEmbibe#test_click_explore_mastery", "labels": [{"name": "tag", "value": "achievee"}, {"name": "tag", "value": "@pytest.mark.usefixtures('setup', 'log_on_failure')"}, {"name": "parentSuite", "value": "Test"}, {"name": "suite", "value": "test_E2E"}, {"name": "subSuite", "value": "TestEmbibe"}, {"name": "host", "value": "LM0010069"}, {"name": "thread", "value": "2577-MainThread"}, {"name": "framework", "value": "pytest"}, {"name": "language", "value": "cpython3"}, {"name": "package", "value": "Test.test_E2E"}]}