{"name": "test_recommended_practice_in_full_test_summary", "status": "broken", "statusDetails": {"message": "selenium.common.exceptions.NoSuchElementException: Message: no such element: Unable to locate element: {\"method\":\"xpath\",\"selector\":\"//div[contains(text(), 'Congratulations,')]\"}\n  (Session info: chrome=131.0.6778.205); For documentation on this error, please visit: https://www.selenium.dev/documentation/webdriver/troubleshooting/errors#no-such-element-exception\nStacktrace:\n0   chromedriver                        0x0000000103387184 cxxbridge1$str$ptr + 3626716\n1   chromedriver                        0x000000010337f9d4 cxxbridge1$str$ptr + 3596076\n2   chromedriver                        0x0000000102dec968 cxxbridge1$string$len + 89228\n3   chromedriver                        0x0000000102e30d50 cxxbridge1$string$len + 368756\n4   chromedriver                        0x0000000102e6a5b4 cxxbridge1$string$len + 604376\n5   chromedriver                        0x0000000102e25568 cxxbridge1$string$len + 321676\n6   chromedriver                        0x0000000102e261b8 cxxbridge1$string$len + 324828\n7   chromedriver                        0x00000001033529ac cxxbridge1$str$ptr + 3411716\n8   chromedriver                        0x0000000103355ccc cxxbridge1$str$ptr + 3424804\n9   chromedriver                        0x000000010333986c cxxbridge1$str$ptr + 3308996\n10  chromedriver                        0x000000010335658c cxxbridge1$str$ptr + 3427044\n11  chromedriver                        0x000000010332b09c cxxbridge1$str$ptr + 3249652\n12  chromedriver                        0x00000001033704b8 cxxbridge1$str$ptr + 3533328\n13  chromedriver                        0x0000000103370634 cxxbridge1$str$ptr + 3533708\n14  chromedriver                        0x000000010337f648 cxxbridge1$str$ptr + 3595168\n15  libsystem_pthread.dylib             0x0000000194d6af94 _pthread_start + 136\n16  libsystem_pthread.dylib             0x0000000194d65d34 thread_start + 8", "trace": "self = <PageObject.practice_home_page.PracticeHomePage object at 0x102e13510>\n\n    def practice_taking(self):\n        for i in range(1, 4):\n            try:\n                time.sleep(5)\n>               question_element = self.driver.find_element(By.XPATH,\n                                                       \"//div[@class='Title_title__og5qd']/div[2]/span[2]\")\n\nPageObject/practice_home_page.py:79: \n_ _ _ _ _ _ _ _ _ _ _ _ _ _ _ _ _ _ _ _ _ _ _ _ _ _ _ _ _ _ _ _ _ _ _ _ _ _ _ _ _ _ _ _ _ _ _ _ _ _ _ _ _ _ _ _ _ _ _ _ _ _ _ _ _ _ _ _ _ _ _ _ _ _ _ _ _ _ _ _ _ _ _ _\n../../.venv/lib/python3.11/site-packages/selenium/webdriver/remote/webdriver.py:748: in find_element\n    return self.execute(Command.FIND_ELEMENT, {\"using\": by, \"value\": value})[\"value\"]\n../../.venv/lib/python3.11/site-packages/selenium/webdriver/remote/webdriver.py:354: in execute\n    self.error_handler.check_response(response)\n_ _ _ _ _ _ _ _ _ _ _ _ _ _ _ _ _ _ _ _ _ _ _ _ _ _ _ _ _ _ _ _ _ _ _ _ _ _ _ _ _ _ _ _ _ _ _ _ _ _ _ _ _ _ _ _ _ _ _ _ _ _ _ _ _ _ _ _ _ _ _ _ _ _ _ _ _ _ _ _ _ _ _ _\n\nself = <selenium.webdriver.remote.errorhandler.ErrorHandler object at 0x102e02a50>\nresponse = {'status': 404, 'value': '{\"value\":{\"error\":\"no such element\",\"message\":\"no such element: Unable to locate element: {\\...000194d6af94 _pthread_start + 136\\\\n16  libsystem_pthread.dylib             0x0000000194d65d34 thread_start + 8\\\\n\"}}'}\n\n    def check_response(self, response: Dict[str, Any]) -> None:\n        \"\"\"Checks that a JSON response from the WebDriver does not have an\n        error.\n    \n        :Args:\n         - response - The JSON response from the WebDriver server as a dictionary\n           object.\n    \n        :Raises: If the response contains an error message.\n        \"\"\"\n        status = response.get(\"status\", None)\n        if not status or status == ErrorCode.SUCCESS:\n            return\n        value = None\n        message = response.get(\"message\", \"\")\n        screen: str = response.get(\"screen\", \"\")\n        stacktrace = None\n        if isinstance(status, int):\n            value_json = response.get(\"value\", None)\n            if value_json and isinstance(value_json, str):\n                import json\n    \n                try:\n                    value = json.loads(value_json)\n                    if len(value) == 1:\n                        value = value[\"value\"]\n                    status = value.get(\"error\", None)\n                    if not status:\n                        status = value.get(\"status\", ErrorCode.UNKNOWN_ERROR)\n                        message = value.get(\"value\") or value.get(\"message\")\n                        if not isinstance(message, str):\n                            value = message\n                            message = message.get(\"message\")\n                    else:\n                        message = value.get(\"message\", None)\n                except ValueError:\n                    pass\n    \n        exception_class: Type[WebDriverException]\n        e = ErrorCode()\n        error_codes = [item for item in dir(e) if not item.startswith(\"__\")]\n        for error_code in error_codes:\n            error_info = getattr(ErrorCode, error_code)\n            if isinstance(error_info, list) and status in error_info:\n                exception_class = getattr(ExceptionMapping, error_code, WebDriverException)\n                break\n        else:\n            exception_class = WebDriverException\n    \n        if not value:\n            value = response[\"value\"]\n        if isinstance(value, str):\n            raise exception_class(value)\n        if message == \"\" and \"message\" in value:\n            message = value[\"message\"]\n    \n        screen = None  # type: ignore[assignment]\n        if \"screen\" in value:\n            screen = value[\"screen\"]\n    \n        stacktrace = None\n        st_value = value.get(\"stackTrace\") or value.get(\"stacktrace\")\n        if st_value:\n            if isinstance(st_value, str):\n                stacktrace = st_value.split(\"\\n\")\n            else:\n                stacktrace = []\n                try:\n                    for frame in st_value:\n                        line = frame.get(\"lineNumber\", \"\")\n                        file = frame.get(\"fileName\", \"<anonymous>\")\n                        if line:\n                            file = f\"{file}:{line}\"\n                        meth = frame.get(\"methodName\", \"<anonymous>\")\n                        if \"className\" in frame:\n                            meth = f\"{frame['className']}.{meth}\"\n                        msg = \"    at %s (%s)\"\n                        msg = msg % (meth, file)\n                        stacktrace.append(msg)\n                except TypeError:\n                    pass\n        if exception_class == UnexpectedAlertPresentException:\n            alert_text = None\n            if \"data\" in value:\n                alert_text = value[\"data\"].get(\"text\")\n            elif \"alert\" in value:\n                alert_text = value[\"alert\"].get(\"text\")\n            raise exception_class(message, screen, stacktrace, alert_text)  # type: ignore[call-arg]  # mypy is not smart enough here\n>       raise exception_class(message, screen, stacktrace)\nE       selenium.common.exceptions.NoSuchElementException: Message: no such element: Unable to locate element: {\"method\":\"xpath\",\"selector\":\"//div[@class='Title_title__og5qd']/div[2]/span[2]\"}\nE         (Session info: chrome=131.0.6778.205); For documentation on this error, please visit: https://www.selenium.dev/documentation/webdriver/troubleshooting/errors#no-such-element-exception\nE       Stacktrace:\nE       0   chromedriver                        0x0000000103387184 cxxbridge1$str$ptr + 3626716\nE       1   chromedriver                        0x000000010337f9d4 cxxbridge1$str$ptr + 3596076\nE       2   chromedriver                        0x0000000102dec968 cxxbridge1$string$len + 89228\nE       3   chromedriver                        0x0000000102e30d50 cxxbridge1$string$len + 368756\nE       4   chromedriver                        0x0000000102e6a5b4 cxxbridge1$string$len + 604376\nE       5   chromedriver                        0x0000000102e25568 cxxbridge1$string$len + 321676\nE       6   chromedriver                        0x0000000102e261b8 cxxbridge1$string$len + 324828\nE       7   chromedriver                        0x00000001033529ac cxxbridge1$str$ptr + 3411716\nE       8   chromedriver                        0x0000000103355ccc cxxbridge1$str$ptr + 3424804\nE       9   chromedriver                        0x000000010333986c cxxbridge1$str$ptr + 3308996\nE       10  chromedriver                        0x000000010335658c cxxbridge1$str$ptr + 3427044\nE       11  chromedriver                        0x000000010332b09c cxxbridge1$str$ptr + 3249652\nE       12  chromedriver                        0x00000001033704b8 cxxbridge1$str$ptr + 3533328\nE       13  chromedriver                        0x0000000103370634 cxxbridge1$str$ptr + 3533708\nE       14  chromedriver                        0x000000010337f648 cxxbridge1$str$ptr + 3595168\nE       15  libsystem_pthread.dylib             0x0000000194d6af94 _pthread_start + 136\nE       16  libsystem_pthread.dylib             0x0000000194d65d34 thread_start + 8\n\n../../.venv/lib/python3.11/site-packages/selenium/webdriver/remote/errorhandler.py:229: NoSuchElementException\n\nDuring handling of the above exception, another exception occurred:\n\nself = <Test.test_E2E.TestEmbibe object at 0x102b2f990>\n\n    @pytest.mark.usefixtures(\"setup\", \"log_on_failure\")\n    @pytest.mark.test\n    def test_recommended_practice_in_full_test_summary(self):\n        log = self.getLogger()\n        self.test_sign_in_password()\n        ttp = TestHomePage(self.driver)\n>       ttp.recommended_practice_in_full_test_summary()\n\nTest/test_E2E.py:343: \n_ _ _ _ _ _ _ _ _ _ _ _ _ _ _ _ _ _ _ _ _ _ _ _ _ _ _ _ _ _ _ _ _ _ _ _ _ _ _ _ _ _ _ _ _ _ _ _ _ _ _ _ _ _ _ _ _ _ _ _ _ _ _ _ _ _ _ _ _ _ _ _ _ _ _ _ _ _ _ _ _ _ _ _\nPageObject/test_home_page.py:123: in recommended_practice_in_full_test_summary\n    pt.practice_taking()\nPageObject/practice_home_page.py:196: in practice_taking\n    self.driver.find_element(By.XPATH, \"//div[contains(text(), 'Congratulations,')]\").is_displayed()\n../../.venv/lib/python3.11/site-packages/selenium/webdriver/remote/webdriver.py:748: in find_element\n    return self.execute(Command.FIND_ELEMENT, {\"using\": by, \"value\": value})[\"value\"]\n../../.venv/lib/python3.11/site-packages/selenium/webdriver/remote/webdriver.py:354: in execute\n    self.error_handler.check_response(response)\n_ _ _ _ _ _ _ _ _ _ _ _ _ _ _ _ _ _ _ _ _ _ _ _ _ _ _ _ _ _ _ _ _ _ _ _ _ _ _ _ _ _ _ _ _ _ _ _ _ _ _ _ _ _ _ _ _ _ _ _ _ _ _ _ _ _ _ _ _ _ _ _ _ _ _ _ _ _ _ _ _ _ _ _\n\nself = <selenium.webdriver.remote.errorhandler.ErrorHandler object at 0x102e02a50>\nresponse = {'status': 404, 'value': '{\"value\":{\"error\":\"no such element\",\"message\":\"no such element: Unable to locate element: {\\...000194d6af94 _pthread_start + 136\\\\n16  libsystem_pthread.dylib             0x0000000194d65d34 thread_start + 8\\\\n\"}}'}\n\n    def check_response(self, response: Dict[str, Any]) -> None:\n        \"\"\"Checks that a JSON response from the WebDriver does not have an\n        error.\n    \n        :Args:\n         - response - The JSON response from the WebDriver server as a dictionary\n           object.\n    \n        :Raises: If the response contains an error message.\n        \"\"\"\n        status = response.get(\"status\", None)\n        if not status or status == ErrorCode.SUCCESS:\n            return\n        value = None\n        message = response.get(\"message\", \"\")\n        screen: str = response.get(\"screen\", \"\")\n        stacktrace = None\n        if isinstance(status, int):\n            value_json = response.get(\"value\", None)\n            if value_json and isinstance(value_json, str):\n                import json\n    \n                try:\n                    value = json.loads(value_json)\n                    if len(value) == 1:\n                        value = value[\"value\"]\n                    status = value.get(\"error\", None)\n                    if not status:\n                        status = value.get(\"status\", ErrorCode.UNKNOWN_ERROR)\n                        message = value.get(\"value\") or value.get(\"message\")\n                        if not isinstance(message, str):\n                            value = message\n                            message = message.get(\"message\")\n                    else:\n                        message = value.get(\"message\", None)\n                except ValueError:\n                    pass\n    \n        exception_class: Type[WebDriverException]\n        e = ErrorCode()\n        error_codes = [item for item in dir(e) if not item.startswith(\"__\")]\n        for error_code in error_codes:\n            error_info = getattr(ErrorCode, error_code)\n            if isinstance(error_info, list) and status in error_info:\n                exception_class = getattr(ExceptionMapping, error_code, WebDriverException)\n                break\n        else:\n            exception_class = WebDriverException\n    \n        if not value:\n            value = response[\"value\"]\n        if isinstance(value, str):\n            raise exception_class(value)\n        if message == \"\" and \"message\" in value:\n            message = value[\"message\"]\n    \n        screen = None  # type: ignore[assignment]\n        if \"screen\" in value:\n            screen = value[\"screen\"]\n    \n        stacktrace = None\n        st_value = value.get(\"stackTrace\") or value.get(\"stacktrace\")\n        if st_value:\n            if isinstance(st_value, str):\n                stacktrace = st_value.split(\"\\n\")\n            else:\n                stacktrace = []\n                try:\n                    for frame in st_value:\n                        line = frame.get(\"lineNumber\", \"\")\n                        file = frame.get(\"fileName\", \"<anonymous>\")\n                        if line:\n                            file = f\"{file}:{line}\"\n                        meth = frame.get(\"methodName\", \"<anonymous>\")\n                        if \"className\" in frame:\n                            meth = f\"{frame['className']}.{meth}\"\n                        msg = \"    at %s (%s)\"\n                        msg = msg % (meth, file)\n                        stacktrace.append(msg)\n                except TypeError:\n                    pass\n        if exception_class == UnexpectedAlertPresentException:\n            alert_text = None\n            if \"data\" in value:\n                alert_text = value[\"data\"].get(\"text\")\n            elif \"alert\" in value:\n                alert_text = value[\"alert\"].get(\"text\")\n            raise exception_class(message, screen, stacktrace, alert_text)  # type: ignore[call-arg]  # mypy is not smart enough here\n>       raise exception_class(message, screen, stacktrace)\nE       selenium.common.exceptions.NoSuchElementException: Message: no such element: Unable to locate element: {\"method\":\"xpath\",\"selector\":\"//div[contains(text(), 'Congratulations,')]\"}\nE         (Session info: chrome=131.0.6778.205); For documentation on this error, please visit: https://www.selenium.dev/documentation/webdriver/troubleshooting/errors#no-such-element-exception\nE       Stacktrace:\nE       0   chromedriver                        0x0000000103387184 cxxbridge1$str$ptr + 3626716\nE       1   chromedriver                        0x000000010337f9d4 cxxbridge1$str$ptr + 3596076\nE       2   chromedriver                        0x0000000102dec968 cxxbridge1$string$len + 89228\nE       3   chromedriver                        0x0000000102e30d50 cxxbridge1$string$len + 368756\nE       4   chromedriver                        0x0000000102e6a5b4 cxxbridge1$string$len + 604376\nE       5   chromedriver                        0x0000000102e25568 cxxbridge1$string$len + 321676\nE       6   chromedriver                        0x0000000102e261b8 cxxbridge1$string$len + 324828\nE       7   chromedriver                        0x00000001033529ac cxxbridge1$str$ptr + 3411716\nE       8   chromedriver                        0x0000000103355ccc cxxbridge1$str$ptr + 3424804\nE       9   chromedriver                        0x000000010333986c cxxbridge1$str$ptr + 3308996\nE       10  chromedriver                        0x000000010335658c cxxbridge1$str$ptr + 3427044\nE       11  chromedriver                        0x000000010332b09c cxxbridge1$str$ptr + 3249652\nE       12  chromedriver                        0x00000001033704b8 cxxbridge1$str$ptr + 3533328\nE       13  chromedriver                        0x0000000103370634 cxxbridge1$str$ptr + 3533708\nE       14  chromedriver                        0x000000010337f648 cxxbridge1$str$ptr + 3595168\nE       15  libsystem_pthread.dylib             0x0000000194d6af94 _pthread_start + 136\nE       16  libsystem_pthread.dylib             0x0000000194d65d34 thread_start + 8\n\n../../.venv/lib/python3.11/site-packages/selenium/webdriver/remote/errorhandler.py:229: NoSuchElementException"}, "attachments": [{"name": "log", "source": "e691cdfe-be6b-486d-a9a3-80c3c27ba707-attachment.txt", "type": "text/plain"}], "start": 1736250880254, "stop": 1736250937708, "uuid": "ec2beeeb-b954-424e-a538-a219bc80bde4", "historyId": "2c2b6ddd64de22435114481d811d24b5", "testCaseId": "2c2b6ddd64de22435114481d811d24b5", "fullName": "Test.test_E2E.TestEmbibe#test_recommended_practice_in_full_test_summary", "labels": [{"name": "tag", "value": "test"}, {"name": "tag", "value": "@pytest.mark.usefixtures('setup', 'log_on_failure')"}, {"name": "parentSuite", "value": "Test"}, {"name": "suite", "value": "test_E2E"}, {"name": "subSuite", "value": "TestEmbibe"}, {"name": "host", "value": "EBL-C02H385BQ6L4.local"}, {"name": "thread", "value": "30561-MainThread"}, {"name": "framework", "value": "pytest"}, {"name": "language", "value": "cpython3"}, {"name": "package", "value": "Test.test_E2E"}]}