{"name": "test_trending_test_embibe_exp_ui", "status": "broken", "statusDetails": {"message": "selenium.common.exceptions.NoSuchElementException: Message: no such element: Unable to locate element: {\"method\":\"css selector\",\"selector\":\"[to='/learn/home']\"}\n  (Session info: chrome=136.0.7103.93); For documentation on this error, please visit: https://www.selenium.dev/documentation/webdriver/troubleshooting/errors#no-such-element-exception\nStacktrace:\n0   chromedriver                        0x00000001050f43bc cxxbridge1$str$ptr + 2829900\n1   chromedriver                        0x00000001050ec684 cxxbridge1$str$ptr + 2797844\n2   chromedriver                        0x0000000104c29fbc cxxbridge1$string$len + 90140\n3   chromedriver                        0x0000000104c711bc cxxbridge1$string$len + 381468\n4   chromedriver                        0x0000000104cb2044 cxxbridge1$string$len + 647332\n5   chromedriver                        0x0000000104c653f8 cxxbridge1$string$len + 332888\n6   chromedriver                        0x00000001050b87e0 cxxbridge1$str$ptr + 2585200\n7   chromedriver                        0x00000001050bbab0 cxxbridge1$str$ptr + 2598208\n8   chromedriver                        0x0000000105099db4 cxxbridge1$str$ptr + 2459716\n9   chromedriver                        0x00000001050bc328 cxxbridge1$str$ptr + 2600376\n10  chromedriver                        0x000000010508b640 cxxbridge1$str$ptr + 2400464\n11  chromedriver                        0x00000001050dc28c cxxbridge1$str$ptr + 2731292\n12  chromedriver                        0x00000001050dc418 cxxbridge1$str$ptr + 2731688\n13  chromedriver                        0x00000001050ec2d0 cxxbridge1$str$ptr + 2796896\n14  libsystem_pthread.dylib             0x00000001835e2f94 _pthread_start + 136\n15  libsystem_pthread.dylib             0x00000001835ddd34 thread_start + 8", "trace": "self = <Test.test_E2E.TestEmbibe object at 0x104c84210>\n\n    @pytest.mark.usefixtures(\"setup\", \"log_on_failure\")\n    @pytest.mark.test\n    def test_trending_test_embibe_exp_ui(self):\n        log = self.getLogger()\n>       self.test_sign_in_password()\n\nTest/test_E2E.py:270: \n_ _ _ _ _ _ _ _ _ _ _ _ _ _ _ _ _ _ _ _ _ _ _ _ _ _ _ _ _ _ _ _ _ _ _ _ _ _ _ _ _ _ _ _ _ _ _ _ _ _ _ _ _ _ _ _ _ _ _ _ _ _ _ _ _ _ _ _ _ _ _ _ _ _ _ _ _ _ _ _ _ _ _ _\nTest/test_E2E.py:22: in test_sign_in_password\n    login.test_sign_in_password()\nPageObject/signUp_signIn.py:95: in test_sign_in_password\n    self.driver.find_element(*signIn_up.learn_module).click()\n../../.venv/lib/python3.11/site-packages/selenium/webdriver/remote/webdriver.py:748: in find_element\n    return self.execute(Command.FIND_ELEMENT, {\"using\": by, \"value\": value})[\"value\"]\n../../.venv/lib/python3.11/site-packages/selenium/webdriver/remote/webdriver.py:354: in execute\n    self.error_handler.check_response(response)\n_ _ _ _ _ _ _ _ _ _ _ _ _ _ _ _ _ _ _ _ _ _ _ _ _ _ _ _ _ _ _ _ _ _ _ _ _ _ _ _ _ _ _ _ _ _ _ _ _ _ _ _ _ _ _ _ _ _ _ _ _ _ _ _ _ _ _ _ _ _ _ _ _ _ _ _ _ _ _ _ _ _ _ _\n\nself = <selenium.webdriver.remote.errorhandler.ErrorHandler object at 0x105996810>\nresponse = {'status': 404, 'value': '{\"value\":{\"error\":\"no such element\",\"message\":\"no such element: Unable to locate element: {\\...0001835e2f94 _pthread_start + 136\\\\n15  libsystem_pthread.dylib             0x00000001835ddd34 thread_start + 8\\\\n\"}}'}\n\n    def check_response(self, response: Dict[str, Any]) -> None:\n        \"\"\"Checks that a JSON response from the WebDriver does not have an\n        error.\n    \n        :Args:\n         - response - The JSON response from the WebDriver server as a dictionary\n           object.\n    \n        :Raises: If the response contains an error message.\n        \"\"\"\n        status = response.get(\"status\", None)\n        if not status or status == ErrorCode.SUCCESS:\n            return\n        value = None\n        message = response.get(\"message\", \"\")\n        screen: str = response.get(\"screen\", \"\")\n        stacktrace = None\n        if isinstance(status, int):\n            value_json = response.get(\"value\", None)\n            if value_json and isinstance(value_json, str):\n                import json\n    \n                try:\n                    value = json.loads(value_json)\n                    if len(value) == 1:\n                        value = value[\"value\"]\n                    status = value.get(\"error\", None)\n                    if not status:\n                        status = value.get(\"status\", ErrorCode.UNKNOWN_ERROR)\n                        message = value.get(\"value\") or value.get(\"message\")\n                        if not isinstance(message, str):\n                            value = message\n                            message = message.get(\"message\")\n                    else:\n                        message = value.get(\"message\", None)\n                except ValueError:\n                    pass\n    \n        exception_class: Type[WebDriverException]\n        e = ErrorCode()\n        error_codes = [item for item in dir(e) if not item.startswith(\"__\")]\n        for error_code in error_codes:\n            error_info = getattr(ErrorCode, error_code)\n            if isinstance(error_info, list) and status in error_info:\n                exception_class = getattr(ExceptionMapping, error_code, WebDriverException)\n                break\n        else:\n            exception_class = WebDriverException\n    \n        if not value:\n            value = response[\"value\"]\n        if isinstance(value, str):\n            raise exception_class(value)\n        if message == \"\" and \"message\" in value:\n            message = value[\"message\"]\n    \n        screen = None  # type: ignore[assignment]\n        if \"screen\" in value:\n            screen = value[\"screen\"]\n    \n        stacktrace = None\n        st_value = value.get(\"stackTrace\") or value.get(\"stacktrace\")\n        if st_value:\n            if isinstance(st_value, str):\n                stacktrace = st_value.split(\"\\n\")\n            else:\n                stacktrace = []\n                try:\n                    for frame in st_value:\n                        line = frame.get(\"lineNumber\", \"\")\n                        file = frame.get(\"fileName\", \"<anonymous>\")\n                        if line:\n                            file = f\"{file}:{line}\"\n                        meth = frame.get(\"methodName\", \"<anonymous>\")\n                        if \"className\" in frame:\n                            meth = f\"{frame['className']}.{meth}\"\n                        msg = \"    at %s (%s)\"\n                        msg = msg % (meth, file)\n                        stacktrace.append(msg)\n                except TypeError:\n                    pass\n        if exception_class == UnexpectedAlertPresentException:\n            alert_text = None\n            if \"data\" in value:\n                alert_text = value[\"data\"].get(\"text\")\n            elif \"alert\" in value:\n                alert_text = value[\"alert\"].get(\"text\")\n            raise exception_class(message, screen, stacktrace, alert_text)  # type: ignore[call-arg]  # mypy is not smart enough here\n>       raise exception_class(message, screen, stacktrace)\nE       selenium.common.exceptions.NoSuchElementException: Message: no such element: Unable to locate element: {\"method\":\"css selector\",\"selector\":\"[to='/learn/home']\"}\nE         (Session info: chrome=136.0.7103.93); For documentation on this error, please visit: https://www.selenium.dev/documentation/webdriver/troubleshooting/errors#no-such-element-exception\nE       Stacktrace:\nE       0   chromedriver                        0x00000001050f43bc cxxbridge1$str$ptr + 2829900\nE       1   chromedriver                        0x00000001050ec684 cxxbridge1$str$ptr + 2797844\nE       2   chromedriver                        0x0000000104c29fbc cxxbridge1$string$len + 90140\nE       3   chromedriver                        0x0000000104c711bc cxxbridge1$string$len + 381468\nE       4   chromedriver                        0x0000000104cb2044 cxxbridge1$string$len + 647332\nE       5   chromedriver                        0x0000000104c653f8 cxxbridge1$string$len + 332888\nE       6   chromedriver                        0x00000001050b87e0 cxxbridge1$str$ptr + 2585200\nE       7   chromedriver                        0x00000001050bbab0 cxxbridge1$str$ptr + 2598208\nE       8   chromedriver                        0x0000000105099db4 cxxbridge1$str$ptr + 2459716\nE       9   chromedriver                        0x00000001050bc328 cxxbridge1$str$ptr + 2600376\nE       10  chromedriver                        0x000000010508b640 cxxbridge1$str$ptr + 2400464\nE       11  chromedriver                        0x00000001050dc28c cxxbridge1$str$ptr + 2731292\nE       12  chromedriver                        0x00000001050dc418 cxxbridge1$str$ptr + 2731688\nE       13  chromedriver                        0x00000001050ec2d0 cxxbridge1$str$ptr + 2796896\nE       14  libsystem_pthread.dylib             0x00000001835e2f94 _pthread_start + 136\nE       15  libsystem_pthread.dylib             0x00000001835ddd34 thread_start + 8\n\n../../.venv/lib/python3.11/site-packages/selenium/webdriver/remote/errorhandler.py:229: NoSuchElementException"}, "start": 1747206739525, "stop": 1747206765679, "uuid": "d7dc3558-d68b-4669-a1bf-fe47e85945b3", "historyId": "822e4f85e4fc5f9830bbf680217452de", "testCaseId": "822e4f85e4fc5f9830bbf680217452de", "fullName": "Test.test_E2E.TestEmbibe#test_trending_test_embibe_exp_ui", "labels": [{"name": "tag", "value": "test"}, {"name": "tag", "value": "@pytest.mark.usefixtures('setup', 'log_on_failure')"}, {"name": "parentSuite", "value": "Test"}, {"name": "suite", "value": "test_E2E"}, {"name": "subSuite", "value": "TestEmbibe"}, {"name": "host", "value": "LM0010069"}, {"name": "thread", "value": "29858-MainThread"}, {"name": "framework", "value": "pytest"}, {"name": "language", "value": "cpython3"}, {"name": "package", "value": "Test.test_E2E"}]}