{"name": "test_click_lens_card_deeplink", "status": "broken", "statusDetails": {"message": "selenium.common.exceptions.TimeoutException: Message: \nStacktrace:\n0   chromedriver                        0x0000000105182a54 cxxbridge1$str$ptr + 2803960\n1   chromedriver                        0x000000010517acf0 cxxbridge1$str$ptr + 2771860\n2   chromedriver                        0x0000000104cc6864 cxxbridge1$string$len + 93028\n3   chromedriver                        0x0000000104d0d410 cxxbridge1$string$len + 382736\n4   chromedriver                        0x0000000104d4e480 cxxbridge1$string$len + 649088\n5   chromedriver                        0x0000000104d017ec cxxbridge1$string$len + 334572\n6   chromedriver                        0x0000000105147ccc cxxbridge1$str$ptr + 2562928\n7   chromedriver                        0x000000010514af98 cxxbridge1$str$ptr + 2575932\n8   chromedriver                        0x00000001051282c4 cxxbridge1$str$ptr + 2433384\n9   chromedriver                        0x000000010514b810 cxxbridge1$str$ptr + 2578100\n10  chromedriver                        0x00000001051192f0 cxxbridge1$str$ptr + 2371988\n11  chromedriver                        0x000000010516b57c cxxbridge1$str$ptr + 2708512\n12  chromedriver                        0x000000010516b708 cxxbridge1$str$ptr + 2708908\n13  chromedriver                        0x000000010517a93c cxxbridge1$str$ptr + 2770912\n14  libsystem_pthread.dylib             0x0000000185f2af94 _pthread_start + 136\n15  libsystem_pthread.dylib             0x0000000185f25d34 thread_start + 8", "trace": "self = <Test.test_E2E.TestEmbibe object at 0x1054d4d10>\n\n    @pytest.mark.usefixtures(\"setup\", \"log_on_failure\")\n    @pytest.mark.deeplink\n    def test_click_lens_card_deeplink(self):\n        log = self.getLogger()\n        self.test_sign_in_password()\n        monet = EmbibeMonetisation(self.driver)\n>       monet.click_lens_button()\n\nTest/test_E2E.py:559: \n_ _ _ _ _ _ _ _ _ _ _ _ _ _ _ _ _ _ _ _ _ _ _ _ _ _ _ _ _ _ _ _ _ _ _ _ _ _ _ _ _ _ _ _ _ _ _ _ _ _ _ _ _ _ _ _ _ _ _ _ _ _ _ _ _ _ _ _ _ _ _ _ _ _ _ _ _ _ _ _ _ _ _ _\nPageObject/monetisation.py:132: in click_lens_button\n    self.wait_for_visibility((By.XPATH, \"//*[contains(@src,'/EmbibeLens/embiLens.png')]\")).is_displayed()\nPageObject/monetisation.py:43: in wait_for_visibility\n    return self.wait.until(EC.visibility_of_element_located(locator))\n_ _ _ _ _ _ _ _ _ _ _ _ _ _ _ _ _ _ _ _ _ _ _ _ _ _ _ _ _ _ _ _ _ _ _ _ _ _ _ _ _ _ _ _ _ _ _ _ _ _ _ _ _ _ _ _ _ _ _ _ _ _ _ _ _ _ _ _ _ _ _ _ _ _ _ _ _ _ _ _ _ _ _ _\n\nself = <selenium.webdriver.support.wait.WebDriverWait (session=\"fcff46d577691e2b36cab47c196e5ecb\")>\nmethod = <function visibility_of_element_located.<locals>._predicate at 0x105933c40>, message = ''\n\n    def until(self, method: Callable[[D], Union[Literal[False], T]], message: str = \"\") -> T:\n        \"\"\"Calls the method provided with the driver as an argument until the \\\n        return value does not evaluate to ``False``.\n    \n        :param method: callable(WebDriver)\n        :param message: optional message for :exc:`TimeoutException`\n        :returns: the result of the last call to `method`\n        :raises: :exc:`selenium.common.exceptions.TimeoutException` if timeout occurs\n        \"\"\"\n        screen = None\n        stacktrace = None\n    \n        end_time = time.monotonic() + self._timeout\n        while True:\n            try:\n                value = method(self._driver)\n                if value:\n                    return value\n            except self._ignored_exceptions as exc:\n                screen = getattr(exc, \"screen\", None)\n                stacktrace = getattr(exc, \"stacktrace\", None)\n            time.sleep(self._poll)\n            if time.monotonic() > end_time:\n                break\n>       raise TimeoutException(message, screen, stacktrace)\nE       selenium.common.exceptions.TimeoutException: Message: \nE       Stacktrace:\nE       0   chromedriver                        0x0000000105182a54 cxxbridge1$str$ptr + 2803960\nE       1   chromedriver                        0x000000010517acf0 cxxbridge1$str$ptr + 2771860\nE       2   chromedriver                        0x0000000104cc6864 cxxbridge1$string$len + 93028\nE       3   chromedriver                        0x0000000104d0d410 cxxbridge1$string$len + 382736\nE       4   chromedriver                        0x0000000104d4e480 cxxbridge1$string$len + 649088\nE       5   chromedriver                        0x0000000104d017ec cxxbridge1$string$len + 334572\nE       6   chromedriver                        0x0000000105147ccc cxxbridge1$str$ptr + 2562928\nE       7   chromedriver                        0x000000010514af98 cxxbridge1$str$ptr + 2575932\nE       8   chromedriver                        0x00000001051282c4 cxxbridge1$str$ptr + 2433384\nE       9   chromedriver                        0x000000010514b810 cxxbridge1$str$ptr + 2578100\nE       10  chromedriver                        0x00000001051192f0 cxxbridge1$str$ptr + 2371988\nE       11  chromedriver                        0x000000010516b57c cxxbridge1$str$ptr + 2708512\nE       12  chromedriver                        0x000000010516b708 cxxbridge1$str$ptr + 2708908\nE       13  chromedriver                        0x000000010517a93c cxxbridge1$str$ptr + 2770912\nE       14  libsystem_pthread.dylib             0x0000000185f2af94 _pthread_start + 136\nE       15  libsystem_pthread.dylib             0x0000000185f25d34 thread_start + 8\n\n../../.venv/lib/python3.11/site-packages/selenium/webdriver/support/wait.py:105: TimeoutException"}, "attachments": [{"name": "log", "source": "5fe23cd9-00ec-43e4-a160-890a5fbbc025-attachment.txt", "type": "text/plain"}], "start": 1747039054258, "stop": 1747039082700, "uuid": "12a61af7-9281-41f0-bb4f-56ab1b9c31aa", "historyId": "a83eda3a7867f879eb8551e0c44de6d2", "testCaseId": "a83eda3a7867f879eb8551e0c44de6d2", "fullName": "Test.test_E2E.TestEmbibe#test_click_lens_card_deeplink", "labels": [{"name": "tag", "value": "deeplink"}, {"name": "tag", "value": "@pytest.mark.usefixtures('setup', 'log_on_failure')"}, {"name": "parentSuite", "value": "Test"}, {"name": "suite", "value": "test_E2E"}, {"name": "subSuite", "value": "TestEmbibe"}, {"name": "host", "value": "LM0010069"}, {"name": "thread", "value": "2333-MainThread"}, {"name": "framework", "value": "pytest"}, {"name": "language", "value": "cpython3"}, {"name": "package", "value": "Test.test_E2E"}]}